0 verbose cli /home/faizan/.nvm/versions/node/v22.11.0/bin/node /home/faizan/.nvm/versions/node/v22.11.0/bin/npm
1 info using npm@10.9.0
2 info using node@v22.11.0
3 silly config load:file:/home/faizan/.nvm/versions/node/v22.11.0/lib/node_modules/npm/npmrc
4 silly config load:file:/home/faizan/Desktop/Office/watchlytics-frontend/.npmrc
5 silly config load:file:/home/faizan/.npmrc
6 silly config load:file:/home/faizan/.nvm/versions/node/v22.11.0/etc/npmrc
7 verbose title npm ci
8 verbose argv "ci" "--cache" ".npm" "--prefer-offline"
9 verbose logfile logs-max:10 dir:/home/faizan/Desktop/Office/watchlytics-frontend/.npm/_logs/2025-03-25T10_51_15_018Z-
10 verbose logfile /home/faizan/Desktop/Office/watchlytics-frontend/.npm/_logs/2025-03-25T10_51_15_018Z-debug-0.log
11 silly logfile done cleaning log files
12 silly packumentCache heap:4345298944 maxSize:1086324736 maxEntrySize:543162368
13 silly idealTree buildDeps
14 silly reify moves {}
15 silly audit bulk request {
15 silly audit   '@alloc/quick-lru': [ '5.2.0' ],
15 silly audit   '@emnapi/core': [ '1.3.1' ],
15 silly audit   '@emnapi/runtime': [ '1.3.1' ],
15 silly audit   '@emnapi/wasi-threads': [ '1.0.1' ],
15 silly audit   '@eslint-community/eslint-utils': [ '4.5.1' ],
15 silly audit   'eslint-visitor-keys': [ '3.4.3', '4.2.0' ],
15 silly audit   '@eslint-community/regexpp': [ '4.12.1' ],
15 silly audit   '@eslint/config-array': [ '0.19.2' ],
15 silly audit   '@eslint/config-helpers': [ '0.1.0' ],
15 silly audit   '@eslint/core': [ '0.12.0' ],
15 silly audit   '@eslint/eslintrc': [ '3.3.0' ],
15 silly audit   '@eslint/js': [ '9.22.0' ],
15 silly audit   '@eslint/object-schema': [ '2.1.6' ],
15 silly audit   '@eslint/plugin-kit': [ '0.2.7' ],
15 silly audit   '@humanfs/core': [ '0.19.1' ],
15 silly audit   '@humanfs/node': [ '0.16.6' ],
15 silly audit   '@humanwhocodes/retry': [ '0.3.1', '0.4.2' ],
15 silly audit   '@humanwhocodes/module-importer': [ '1.0.1' ],
15 silly audit   '@img/sharp-darwin-arm64': [ '0.33.5' ],
15 silly audit   '@img/sharp-darwin-x64': [ '0.33.5' ],
15 silly audit   '@img/sharp-libvips-darwin-arm64': [ '1.0.4' ],
15 silly audit   '@img/sharp-libvips-darwin-x64': [ '1.0.4' ],
15 silly audit   '@img/sharp-libvips-linux-arm': [ '1.0.5' ],
15 silly audit   '@img/sharp-libvips-linux-arm64': [ '1.0.4' ],
15 silly audit   '@img/sharp-libvips-linux-s390x': [ '1.0.4' ],
15 silly audit   '@img/sharp-libvips-linux-x64': [ '1.0.4' ],
15 silly audit   '@img/sharp-libvips-linuxmusl-arm64': [ '1.0.4' ],
15 silly audit   '@img/sharp-libvips-linuxmusl-x64': [ '1.0.4' ],
15 silly audit   '@img/sharp-linux-arm': [ '0.33.5' ],
15 silly audit   '@img/sharp-linux-arm64': [ '0.33.5' ],
15 silly audit   '@img/sharp-linux-s390x': [ '0.33.5' ],
15 silly audit   '@img/sharp-linux-x64': [ '0.33.5' ],
15 silly audit   '@img/sharp-linuxmusl-arm64': [ '0.33.5' ],
15 silly audit   '@img/sharp-linuxmusl-x64': [ '0.33.5' ],
15 silly audit   '@img/sharp-wasm32': [ '0.33.5' ],
15 silly audit   '@img/sharp-win32-ia32': [ '0.33.5' ],
15 silly audit   '@img/sharp-win32-x64': [ '0.33.5' ],
15 silly audit   '@napi-rs/wasm-runtime': [ '0.2.7' ],
15 silly audit   '@next/env': [ '15.2.3' ],
15 silly audit   '@next/eslint-plugin-next': [ '15.2.3' ],
15 silly audit   '@next/swc-darwin-arm64': [ '15.2.3' ],
15 silly audit   '@next/swc-darwin-x64': [ '15.2.3' ],
15 silly audit   '@next/swc-linux-arm64-gnu': [ '15.2.3' ],
15 silly audit   '@next/swc-linux-arm64-musl': [ '15.2.3' ],
15 silly audit   '@next/swc-linux-x64-gnu': [ '15.2.3' ],
15 silly audit   '@next/swc-linux-x64-musl': [ '15.2.3' ],
15 silly audit   '@next/swc-win32-arm64-msvc': [ '15.2.3' ],
15 silly audit   '@next/swc-win32-x64-msvc': [ '15.2.3' ],
15 silly audit   '@nodelib/fs.scandir': [ '2.1.5' ],
15 silly audit   '@nodelib/fs.stat': [ '2.0.5' ],
15 silly audit   '@nodelib/fs.walk': [ '1.2.8' ],
15 silly audit   '@nolyfill/is-core-module': [ '1.0.39' ],
15 silly audit   '@rtsao/scc': [ '1.1.0' ],
15 silly audit   '@rushstack/eslint-patch': [ '1.11.0' ],
15 silly audit   '@swc/counter': [ '0.1.3' ],
15 silly audit   '@swc/helpers': [ '0.5.15' ],
15 silly audit   '@tailwindcss/node': [ '4.0.14' ],
15 silly audit   '@tailwindcss/oxide': [ '4.0.14' ],
15 silly audit   '@tailwindcss/oxide-android-arm64': [ '4.0.14' ],
15 silly audit   '@tailwindcss/oxide-darwin-arm64': [ '4.0.14' ],
15 silly audit   '@tailwindcss/oxide-darwin-x64': [ '4.0.14' ],
15 silly audit   '@tailwindcss/oxide-freebsd-x64': [ '4.0.14' ],
15 silly audit   '@tailwindcss/oxide-linux-arm-gnueabihf': [ '4.0.14' ],
15 silly audit   '@tailwindcss/oxide-linux-arm64-gnu': [ '4.0.14' ],
15 silly audit   '@tailwindcss/oxide-linux-arm64-musl': [ '4.0.14' ],
15 silly audit   '@tailwindcss/oxide-linux-x64-gnu': [ '4.0.14' ],
15 silly audit   '@tailwindcss/oxide-linux-x64-musl': [ '4.0.14' ],
15 silly audit   '@tailwindcss/oxide-win32-arm64-msvc': [ '4.0.14' ],
15 silly audit   '@tailwindcss/oxide-win32-x64-msvc': [ '4.0.14' ],
15 silly audit   '@tailwindcss/postcss': [ '4.0.14' ],
15 silly audit   '@tybys/wasm-util': [ '0.9.0' ],
15 silly audit   '@types/estree': [ '1.0.6' ],
15 silly audit   '@types/json-schema': [ '7.0.15' ],
15 silly audit   '@types/json5': [ '0.0.29' ],
15 silly audit   '@types/node': [ '20.17.24' ],
15 silly audit   '@types/react': [ '19.0.12' ],
15 silly audit   '@types/react-dom': [ '19.0.4' ],
15 silly audit   '@typescript-eslint/eslint-plugin': [ '8.27.0' ],
15 silly audit   '@typescript-eslint/parser': [ '8.27.0' ],
15 silly audit   '@typescript-eslint/scope-manager': [ '8.27.0' ],
15 silly audit   '@typescript-eslint/type-utils': [ '8.27.0' ],
15 silly audit   '@typescript-eslint/types': [ '8.27.0' ],
15 silly audit   '@typescript-eslint/typescript-estree': [ '8.27.0' ],
15 silly audit   'brace-expansion': [ '2.0.1', '1.1.11' ],
15 silly audit   'fast-glob': [ '3.3.3', '3.3.1' ],
15 silly audit   'glob-parent': [ '5.1.2', '6.0.2' ],
15 silly audit   minimatch: [ '9.0.5', '3.1.2' ],
15 silly audit   '@typescript-eslint/utils': [ '8.27.0' ],
15 silly audit   '@typescript-eslint/visitor-keys': [ '8.27.0' ],
15 silly audit   '@unrs/rspack-resolver-binding-darwin-arm64': [ '1.2.2' ],
15 silly audit   '@unrs/rspack-resolver-binding-darwin-x64': [ '1.2.2' ],
15 silly audit   '@unrs/rspack-resolver-binding-freebsd-x64': [ '1.2.2' ],
15 silly audit   '@unrs/rspack-resolver-binding-linux-arm-gnueabihf': [ '1.2.2' ],
15 silly audit   '@unrs/rspack-resolver-binding-linux-arm64-gnu': [ '1.2.2' ],
15 silly audit   '@unrs/rspack-resolver-binding-linux-arm64-musl': [ '1.2.2' ],
15 silly audit   '@unrs/rspack-resolver-binding-linux-x64-gnu': [ '1.2.2' ],
15 silly audit   '@unrs/rspack-resolver-binding-linux-x64-musl': [ '1.2.2' ],
15 silly audit   '@unrs/rspack-resolver-binding-wasm32-wasi': [ '1.2.2' ],
15 silly audit   '@unrs/rspack-resolver-binding-win32-arm64-msvc': [ '1.2.2' ],
15 silly audit   '@unrs/rspack-resolver-binding-win32-x64-msvc': [ '1.2.2' ],
15 silly audit   acorn: [ '8.14.1' ],
15 silly audit   'acorn-jsx': [ '5.3.2' ],
15 silly audit   ajv: [ '6.12.6' ],
15 silly audit   'ansi-styles': [ '4.3.0' ],
15 silly audit   argparse: [ '2.0.1' ],
15 silly audit   'aria-query': [ '5.3.2' ],
15 silly audit   'array-buffer-byte-length': [ '1.0.2' ],
15 silly audit   'array-includes': [ '3.1.8' ],
15 silly audit   'array.prototype.findlast': [ '1.2.5' ],
15 silly audit   'array.prototype.findlastindex': [ '1.2.6' ],
15 silly audit   'array.prototype.flat': [ '1.3.3' ],
15 silly audit   'array.prototype.flatmap': [ '1.3.3' ],
15 silly audit   'array.prototype.tosorted': [ '1.1.4' ],
15 silly audit   'arraybuffer.prototype.slice': [ '1.0.4' ],
15 silly audit   'ast-types-flow': [ '0.0.8' ],
15 silly audit   'async-function': [ '1.0.0' ],
15 silly audit   'available-typed-arrays': [ '1.0.7' ],
15 silly audit   'axe-core': [ '4.10.3' ],
15 silly audit   'axobject-query': [ '4.1.0' ],
15 silly audit   'balanced-match': [ '1.0.2' ],
15 silly audit   braces: [ '3.0.3' ],
15 silly audit   busboy: [ '1.6.0' ],
15 silly audit   'call-bind': [ '1.0.8' ],
15 silly audit   'call-bind-apply-helpers': [ '1.0.2' ],
15 silly audit   'call-bound': [ '1.0.4' ],
15 silly audit   callsites: [ '3.1.0' ],
15 silly audit   'caniuse-lite': [ '1.0.30001706' ],
15 silly audit   chalk: [ '4.1.2' ],
15 silly audit   'client-only': [ '0.0.1' ],
15 silly audit   color: [ '4.2.3' ],
15 silly audit   'color-convert': [ '2.0.1' ],
15 silly audit   'color-name': [ '1.1.4' ],
15 silly audit   'color-string': [ '1.9.1' ],
15 silly audit   'concat-map': [ '0.0.1' ],
15 silly audit   'cross-spawn': [ '7.0.6' ],
15 silly audit   csstype: [ '3.1.3' ],
15 silly audit   'damerau-levenshtein': [ '1.0.8' ],
15 silly audit   'data-view-buffer': [ '1.0.2' ],
15 silly audit   'data-view-byte-length': [ '1.0.2' ],
15 silly audit   'data-view-byte-offset': [ '1.0.1' ],
15 silly audit   debug: [ '4.4.0', '3.2.7' ],
15 silly audit   'deep-is': [ '0.1.4' ],
15 silly audit   'define-data-property': [ '1.1.4' ],
15 silly audit   'define-properties': [ '1.2.1' ],
15 silly audit   'detect-libc': [ '2.0.3' ],
15 silly audit   doctrine: [ '2.1.0' ],
15 silly audit   'dunder-proto': [ '1.0.1' ],
15 silly audit   'emoji-regex': [ '9.2.2' ],
15 silly audit   'enhanced-resolve': [ '5.18.1' ],
15 silly audit   'es-abstract': [ '1.23.9' ],
15 silly audit   'es-define-property': [ '1.0.1' ],
15 silly audit   'es-errors': [ '1.3.0' ],
15 silly audit   'es-iterator-helpers': [ '1.2.1' ],
15 silly audit   'es-object-atoms': [ '1.1.1' ],
15 silly audit   'es-set-tostringtag': [ '2.1.0' ],
15 silly audit   'es-shim-unscopables': [ '1.1.0' ],
15 silly audit   'es-to-primitive': [ '1.3.0' ],
15 silly audit   'escape-string-regexp': [ '4.0.0' ],
15 silly audit   eslint: [ '9.22.0' ],
15 silly audit   'eslint-config-next': [ '15.2.3' ],
15 silly audit   'eslint-import-resolver-node': [ '0.3.9' ],
15 silly audit   'eslint-import-resolver-typescript': [ '3.9.1' ],
15 silly audit   'eslint-module-utils': [ '2.12.0' ],
15 silly audit   'eslint-plugin-import': [ '2.31.0' ],
15 silly audit   semver: [ '6.3.1', '7.7.1' ],
15 silly audit   'eslint-plugin-jsx-a11y': [ '6.10.2' ],
15 silly audit   'eslint-plugin-react': [ '7.37.4' ],
15 silly audit   'eslint-plugin-react-hooks': [ '5.2.0' ],
15 silly audit   resolve: [ '2.0.0-next.5', '1.22.10' ],
15 silly audit   'eslint-scope': [ '8.3.0' ],
15 silly audit   espree: [ '10.3.0' ],
15 silly audit   esquery: [ '1.6.0' ],
15 silly audit   esrecurse: [ '4.3.0' ],
15 silly audit   estraverse: [ '5.3.0' ],
15 silly audit   esutils: [ '2.0.3' ],
15 silly audit   'fast-deep-equal': [ '3.1.3' ],
15 silly audit   'fast-json-stable-stringify': [ '2.1.0' ],
15 silly audit   'fast-levenshtein': [ '2.0.6' ],
15 silly audit   fastq: [ '1.19.1' ],
15 silly audit   fdir: [ '6.4.3' ],
15 silly audit   'file-entry-cache': [ '8.0.0' ],
15 silly audit   'fill-range': [ '7.1.1' ],
15 silly audit   'find-up': [ '5.0.0' ],
15 silly audit   'flat-cache': [ '4.0.1' ],
15 silly audit   flatted: [ '3.3.3' ],
15 silly audit   'for-each': [ '0.3.5' ],
15 silly audit   'function-bind': [ '1.1.2' ],
15 silly audit   'function.prototype.name': [ '1.1.8' ],
15 silly audit   'functions-have-names': [ '1.2.3' ],
15 silly audit   'get-intrinsic': [ '1.3.0' ],
15 silly audit   'get-proto': [ '1.0.1' ],
15 silly audit   'get-symbol-description': [ '1.1.0' ],
15 silly audit   'get-tsconfig': [ '4.10.0' ],
15 silly audit   globals: [ '14.0.0' ],
15 silly audit   globalthis: [ '1.0.4' ],
15 silly audit   gopd: [ '1.2.0' ],
15 silly audit   'graceful-fs': [ '4.2.11' ],
15 silly audit   graphemer: [ '1.4.0' ],
15 silly audit   'has-bigints': [ '1.1.0' ],
15 silly audit   'has-flag': [ '4.0.0' ],
15 silly audit   'has-property-descriptors': [ '1.0.2' ],
15 silly audit   'has-proto': [ '1.2.0' ],
15 silly audit   'has-symbols': [ '1.1.0' ],
15 silly audit   'has-tostringtag': [ '1.0.2' ],
15 silly audit   hasown: [ '2.0.2' ],
15 silly audit   ignore: [ '5.3.2' ],
15 silly audit   'import-fresh': [ '3.3.1' ],
15 silly audit   imurmurhash: [ '0.1.4' ],
15 silly audit   'internal-slot': [ '1.1.0' ],
15 silly audit   'is-array-buffer': [ '3.0.5' ],
15 silly audit   'is-arrayish': [ '0.3.2' ],
15 silly audit   'is-async-function': [ '2.1.1' ],
15 silly audit   'is-bigint': [ '1.1.0' ],
15 silly audit   'is-boolean-object': [ '1.2.2' ],
15 silly audit   'is-bun-module': [ '1.3.0' ],
15 silly audit   'is-callable': [ '1.2.7' ],
15 silly audit   'is-core-module': [ '2.16.1' ],
15 silly audit   'is-data-view': [ '1.0.2' ],
15 silly audit   'is-date-object': [ '1.1.0' ],
15 silly audit   'is-extglob': [ '2.1.1' ],
15 silly audit   'is-finalizationregistry': [ '1.1.1' ],
15 silly audit   'is-generator-function': [ '1.1.0' ],
15 silly audit   'is-glob': [ '4.0.3' ],
15 silly audit   'is-map': [ '2.0.3' ],
15 silly audit   'is-number': [ '7.0.0' ],
15 silly audit   'is-number-object': [ '1.1.1' ],
15 silly audit   'is-regex': [ '1.2.1' ],
15 silly audit   'is-set': [ '2.0.3' ],
15 silly audit   'is-shared-array-buffer': [ '1.0.4' ],
15 silly audit   'is-string': [ '1.1.1' ],
15 silly audit   'is-symbol': [ '1.1.1' ],
15 silly audit   'is-typed-array': [ '1.1.15' ],
15 silly audit   'is-weakmap': [ '2.0.2' ],
15 silly audit   'is-weakref': [ '1.1.1' ],
15 silly audit   'is-weakset': [ '2.0.4' ],
15 silly audit   isarray: [ '2.0.5' ],
15 silly audit   isexe: [ '2.0.0' ],
15 silly audit   'iterator.prototype': [ '1.1.5' ],
15 silly audit   jiti: [ '2.4.2' ],
15 silly audit   'js-tokens': [ '4.0.0' ],
15 silly audit   'js-yaml': [ '4.1.0' ],
15 silly audit   'json-buffer': [ '3.0.1' ],
15 silly audit   'json-schema-traverse': [ '0.4.1' ],
15 silly audit   'json-stable-stringify-without-jsonify': [ '1.0.1' ],
15 silly audit   json5: [ '1.0.2' ],
15 silly audit   'jsx-ast-utils': [ '3.3.5' ],
15 silly audit   keyv: [ '4.5.4' ],
15 silly audit   'language-subtag-registry': [ '0.3.23' ],
15 silly audit   'language-tags': [ '1.0.9' ],
15 silly audit   levn: [ '0.4.1' ],
15 silly audit   lightningcss: [ '1.29.2' ],
15 silly audit   'lightningcss-darwin-arm64': [ '1.29.2' ],
15 silly audit   'lightningcss-darwin-x64': [ '1.29.2' ],
15 silly audit   'lightningcss-freebsd-x64': [ '1.29.2' ],
15 silly audit   'lightningcss-linux-arm-gnueabihf': [ '1.29.2' ],
15 silly audit   'lightningcss-linux-arm64-gnu': [ '1.29.2' ],
15 silly audit   'lightningcss-linux-arm64-musl': [ '1.29.2' ],
15 silly audit   'lightningcss-linux-x64-gnu': [ '1.29.2' ],
15 silly audit   'lightningcss-linux-x64-musl': [ '1.29.2' ],
15 silly audit   'lightningcss-win32-arm64-msvc': [ '1.29.2' ],
15 silly audit   'lightningcss-win32-x64-msvc': [ '1.29.2' ],
15 silly audit   'locate-path': [ '6.0.0' ],
15 silly audit   'lodash.merge': [ '4.6.2' ],
15 silly audit   'loose-envify': [ '1.4.0' ],
15 silly audit   'math-intrinsics': [ '1.1.0' ],
15 silly audit   merge2: [ '1.4.1' ],
15 silly audit   micromatch: [ '4.0.8' ],
15 silly audit   minimist: [ '1.2.8' ],
15 silly audit   ms: [ '2.1.3' ],
15 silly audit   nanoid: [ '3.3.11' ],
15 silly audit   'natural-compare': [ '1.4.0' ],
15 silly audit   next: [ '15.2.3' ],
15 silly audit   postcss: [ '8.4.31', '8.5.3' ],
15 silly audit   'object-assign': [ '4.1.1' ],
15 silly audit   'object-inspect': [ '1.13.4' ],
15 silly audit   'object-keys': [ '1.1.1' ],
15 silly audit   'object.assign': [ '4.1.7' ],
15 silly audit   'object.entries': [ '1.1.9' ],
15 silly audit   'object.fromentries': [ '2.0.8' ],
15 silly audit   'object.groupby': [ '1.0.3' ],
15 silly audit   'object.values': [ '1.2.1' ],
15 silly audit   optionator: [ '0.9.4' ],
15 silly audit   'own-keys': [ '1.0.1' ],
15 silly audit   'p-limit': [ '3.1.0' ],
15 silly audit   'p-locate': [ '5.0.0' ],
15 silly audit   'parent-module': [ '1.0.1' ],
15 silly audit   'path-exists': [ '4.0.0' ],
15 silly audit   'path-key': [ '3.1.1' ],
15 silly audit   'path-parse': [ '1.0.7' ],
15 silly audit   picocolors: [ '1.1.1' ],
15 silly audit   picomatch: [ '2.3.1', '4.0.2' ],
15 silly audit   'possible-typed-array-names': [ '1.1.0' ],
15 silly audit   'prelude-ls': [ '1.2.1' ],
15 silly audit   'prop-types': [ '15.8.1' ],
15 silly audit   punycode: [ '2.3.1' ],
15 silly audit   'queue-microtask': [ '1.2.3' ],
15 silly audit   react: [ '19.0.0' ],
15 silly audit   'react-dom': [ '19.0.0' ],
15 silly audit   'react-is': [ '16.13.1' ],
15 silly audit   'reflect.getprototypeof': [ '1.0.10' ],
15 silly audit   'regexp.prototype.flags': [ '1.5.4' ],
15 silly audit   'resolve-from': [ '4.0.0' ],
15 silly audit   'resolve-pkg-maps': [ '1.0.0' ],
15 silly audit   reusify: [ '1.1.0' ],
15 silly audit   'rspack-resolver': [ '1.2.2' ],
15 silly audit   'run-parallel': [ '1.2.0' ],
15 silly audit   'safe-array-concat': [ '1.1.3' ],
15 silly audit   'safe-push-apply': [ '1.0.0' ],
15 silly audit   'safe-regex-test': [ '1.1.0' ],
15 silly audit   scheduler: [ '0.25.0' ],
15 silly audit   'set-function-length': [ '1.2.2' ],
15 silly audit   'set-function-name': [ '2.0.2' ],
15 silly audit   'set-proto': [ '1.0.0' ],
15 silly audit   sharp: [ '0.33.5' ],
15 silly audit   'shebang-command': [ '2.0.0' ],
15 silly audit   'shebang-regex': [ '3.0.0' ],
15 silly audit   'side-channel': [ '1.1.0' ],
15 silly audit   'side-channel-list': [ '1.0.0' ],
15 silly audit   'side-channel-map': [ '1.0.1' ],
15 silly audit   'side-channel-weakmap': [ '1.0.2' ],
15 silly audit   'simple-swizzle': [ '0.2.2' ],
15 silly audit   'source-map-js': [ '1.2.1' ],
15 silly audit   'stable-hash': [ '0.0.5' ],
15 silly audit   streamsearch: [ '1.1.0' ],
15 silly audit   'string.prototype.includes': [ '2.0.1' ],
15 silly audit   'string.prototype.matchall': [ '4.0.12' ],
15 silly audit   'string.prototype.repeat': [ '1.0.0' ],
15 silly audit   'string.prototype.trim': [ '1.2.10' ],
15 silly audit   'string.prototype.trimend': [ '1.0.9' ],
15 silly audit   'string.prototype.trimstart': [ '1.0.8' ],
15 silly audit   'strip-bom': [ '3.0.0' ],
15 silly audit   'strip-json-comments': [ '3.1.1' ],
15 silly audit   'styled-jsx': [ '5.1.6' ],
15 silly audit   'supports-color': [ '7.2.0' ],
15 silly audit   'supports-preserve-symlinks-flag': [ '1.0.0' ],
15 silly audit   tailwindcss: [ '4.0.14' ],
15 silly audit   tapable: [ '2.2.1' ],
15 silly audit   tinyglobby: [ '0.2.12' ],
15 silly audit   'to-regex-range': [ '5.0.1' ],
15 silly audit   'ts-api-utils': [ '2.0.1' ],
15 silly audit   'tsconfig-paths': [ '3.15.0' ],
15 silly audit   tslib: [ '2.8.1' ],
15 silly audit   'type-check': [ '0.4.0' ],
15 silly audit   'typed-array-buffer': [ '1.0.3' ],
15 silly audit   'typed-array-byte-length': [ '1.0.3' ],
15 silly audit   'typed-array-byte-offset': [ '1.0.4' ],
15 silly audit   'typed-array-length': [ '1.0.7' ],
15 silly audit   typescript: [ '5.8.2' ],
15 silly audit   'unbox-primitive': [ '1.1.0' ],
15 silly audit   'undici-types': [ '6.19.8' ],
15 silly audit   'uri-js': [ '4.4.1' ],
15 silly audit   which: [ '2.0.2' ],
15 silly audit   'which-boxed-primitive': [ '1.1.1' ],
15 silly audit   'which-builtin-type': [ '1.2.1' ],
15 silly audit   'which-collection': [ '1.0.2' ],
15 silly audit   'which-typed-array': [ '1.1.19' ],
15 silly audit   'word-wrap': [ '1.2.5' ],
15 silly audit   'yocto-queue': [ '0.1.0' ]
15 silly audit }
16 verbose reify failed optional dependency /home/faizan/Desktop/Office/watchlytics-frontend/node_modules/lightningcss-win32-x64-msvc
17 silly reify mark deleted [
17 silly reify   '/home/faizan/Desktop/Office/watchlytics-frontend/node_modules/lightningcss-win32-x64-msvc'
17 silly reify ]
18 verbose reify failed optional dependency /home/faizan/Desktop/Office/watchlytics-frontend/node_modules/lightningcss-win32-arm64-msvc
19 silly reify mark deleted [
19 silly reify   '/home/faizan/Desktop/Office/watchlytics-frontend/node_modules/lightningcss-win32-arm64-msvc'
19 silly reify ]
20 verbose reify failed optional dependency /home/faizan/Desktop/Office/watchlytics-frontend/node_modules/lightningcss-linux-arm64-musl
21 silly reify mark deleted [
21 silly reify   '/home/faizan/Desktop/Office/watchlytics-frontend/node_modules/lightningcss-linux-arm64-musl'
21 silly reify ]
22 verbose reify failed optional dependency /home/faizan/Desktop/Office/watchlytics-frontend/node_modules/lightningcss-linux-arm64-gnu
23 silly reify mark deleted [
23 silly reify   '/home/faizan/Desktop/Office/watchlytics-frontend/node_modules/lightningcss-linux-arm64-gnu'
23 silly reify ]
24 verbose reify failed optional dependency /home/faizan/Desktop/Office/watchlytics-frontend/node_modules/lightningcss-linux-arm-gnueabihf
25 silly reify mark deleted [
25 silly reify   '/home/faizan/Desktop/Office/watchlytics-frontend/node_modules/lightningcss-linux-arm-gnueabihf'
25 silly reify ]
26 verbose reify failed optional dependency /home/faizan/Desktop/Office/watchlytics-frontend/node_modules/lightningcss-freebsd-x64
27 silly reify mark deleted [
27 silly reify   '/home/faizan/Desktop/Office/watchlytics-frontend/node_modules/lightningcss-freebsd-x64'
27 silly reify ]
28 verbose reify failed optional dependency /home/faizan/Desktop/Office/watchlytics-frontend/node_modules/lightningcss-darwin-x64
29 silly reify mark deleted [
29 silly reify   '/home/faizan/Desktop/Office/watchlytics-frontend/node_modules/lightningcss-darwin-x64'
29 silly reify ]
30 verbose reify failed optional dependency /home/faizan/Desktop/Office/watchlytics-frontend/node_modules/lightningcss-darwin-arm64
31 silly reify mark deleted [
31 silly reify   '/home/faizan/Desktop/Office/watchlytics-frontend/node_modules/lightningcss-darwin-arm64'
31 silly reify ]
32 verbose reify failed optional dependency /home/faizan/Desktop/Office/watchlytics-frontend/node_modules/@unrs/rspack-resolver-binding-win32-x64-msvc
33 silly reify mark deleted [
33 silly reify   '/home/faizan/Desktop/Office/watchlytics-frontend/node_modules/@unrs/rspack-resolver-binding-win32-x64-msvc'
33 silly reify ]
34 verbose reify failed optional dependency /home/faizan/Desktop/Office/watchlytics-frontend/node_modules/@unrs/rspack-resolver-binding-win32-arm64-msvc
35 silly reify mark deleted [
35 silly reify   '/home/faizan/Desktop/Office/watchlytics-frontend/node_modules/@unrs/rspack-resolver-binding-win32-arm64-msvc'
35 silly reify ]
36 verbose reify failed optional dependency /home/faizan/Desktop/Office/watchlytics-frontend/node_modules/@unrs/rspack-resolver-binding-wasm32-wasi
37 silly reify mark deleted [
37 silly reify   '/home/faizan/Desktop/Office/watchlytics-frontend/node_modules/@unrs/rspack-resolver-binding-wasm32-wasi'
37 silly reify ]
38 verbose reify failed optional dependency /home/faizan/Desktop/Office/watchlytics-frontend/node_modules/@napi-rs/wasm-runtime
39 silly reify mark deleted [
39 silly reify   '/home/faizan/Desktop/Office/watchlytics-frontend/node_modules/@napi-rs/wasm-runtime'
39 silly reify ]
40 verbose reify failed optional dependency /home/faizan/Desktop/Office/watchlytics-frontend/node_modules/@emnapi/core
41 silly reify mark deleted [
41 silly reify   '/home/faizan/Desktop/Office/watchlytics-frontend/node_modules/@emnapi/core'
41 silly reify ]
42 verbose reify failed optional dependency /home/faizan/Desktop/Office/watchlytics-frontend/node_modules/@tybys/wasm-util
43 silly reify mark deleted [
43 silly reify   '/home/faizan/Desktop/Office/watchlytics-frontend/node_modules/@tybys/wasm-util'
43 silly reify ]
44 verbose reify failed optional dependency /home/faizan/Desktop/Office/watchlytics-frontend/node_modules/@emnapi/wasi-threads
45 silly reify mark deleted [
45 silly reify   '/home/faizan/Desktop/Office/watchlytics-frontend/node_modules/@emnapi/wasi-threads'
45 silly reify ]
46 verbose reify failed optional dependency /home/faizan/Desktop/Office/watchlytics-frontend/node_modules/@unrs/rspack-resolver-binding-linux-arm64-musl
47 silly reify mark deleted [
47 silly reify   '/home/faizan/Desktop/Office/watchlytics-frontend/node_modules/@unrs/rspack-resolver-binding-linux-arm64-musl'
47 silly reify ]
48 verbose reify failed optional dependency /home/faizan/Desktop/Office/watchlytics-frontend/node_modules/@unrs/rspack-resolver-binding-linux-arm64-gnu
49 silly reify mark deleted [
49 silly reify   '/home/faizan/Desktop/Office/watchlytics-frontend/node_modules/@unrs/rspack-resolver-binding-linux-arm64-gnu'
49 silly reify ]
50 verbose reify failed optional dependency /home/faizan/Desktop/Office/watchlytics-frontend/node_modules/@unrs/rspack-resolver-binding-linux-arm-gnueabihf
51 silly reify mark deleted [
51 silly reify   '/home/faizan/Desktop/Office/watchlytics-frontend/node_modules/@unrs/rspack-resolver-binding-linux-arm-gnueabihf'
51 silly reify ]
52 verbose reify failed optional dependency /home/faizan/Desktop/Office/watchlytics-frontend/node_modules/@unrs/rspack-resolver-binding-freebsd-x64
53 silly reify mark deleted [
53 silly reify   '/home/faizan/Desktop/Office/watchlytics-frontend/node_modules/@unrs/rspack-resolver-binding-freebsd-x64'
53 silly reify ]
54 verbose reify failed optional dependency /home/faizan/Desktop/Office/watchlytics-frontend/node_modules/@unrs/rspack-resolver-binding-darwin-x64
55 silly reify mark deleted [
55 silly reify   '/home/faizan/Desktop/Office/watchlytics-frontend/node_modules/@unrs/rspack-resolver-binding-darwin-x64'
55 silly reify ]
56 verbose reify failed optional dependency /home/faizan/Desktop/Office/watchlytics-frontend/node_modules/@unrs/rspack-resolver-binding-darwin-arm64
57 silly reify mark deleted [
57 silly reify   '/home/faizan/Desktop/Office/watchlytics-frontend/node_modules/@unrs/rspack-resolver-binding-darwin-arm64'
57 silly reify ]
58 verbose reify failed optional dependency /home/faizan/Desktop/Office/watchlytics-frontend/node_modules/@tailwindcss/oxide-win32-x64-msvc
59 silly reify mark deleted [
59 silly reify   '/home/faizan/Desktop/Office/watchlytics-frontend/node_modules/@tailwindcss/oxide-win32-x64-msvc'
59 silly reify ]
60 verbose reify failed optional dependency /home/faizan/Desktop/Office/watchlytics-frontend/node_modules/@tailwindcss/oxide-win32-arm64-msvc
61 silly reify mark deleted [
61 silly reify   '/home/faizan/Desktop/Office/watchlytics-frontend/node_modules/@tailwindcss/oxide-win32-arm64-msvc'
61 silly reify ]
62 verbose reify failed optional dependency /home/faizan/Desktop/Office/watchlytics-frontend/node_modules/@tailwindcss/oxide-linux-arm64-musl
63 silly reify mark deleted [
63 silly reify   '/home/faizan/Desktop/Office/watchlytics-frontend/node_modules/@tailwindcss/oxide-linux-arm64-musl'
63 silly reify ]
64 verbose reify failed optional dependency /home/faizan/Desktop/Office/watchlytics-frontend/node_modules/@tailwindcss/oxide-linux-arm64-gnu
65 silly reify mark deleted [
65 silly reify   '/home/faizan/Desktop/Office/watchlytics-frontend/node_modules/@tailwindcss/oxide-linux-arm64-gnu'
65 silly reify ]
66 verbose reify failed optional dependency /home/faizan/Desktop/Office/watchlytics-frontend/node_modules/@tailwindcss/oxide-linux-arm-gnueabihf
67 silly reify mark deleted [
67 silly reify   '/home/faizan/Desktop/Office/watchlytics-frontend/node_modules/@tailwindcss/oxide-linux-arm-gnueabihf'
67 silly reify ]
68 verbose reify failed optional dependency /home/faizan/Desktop/Office/watchlytics-frontend/node_modules/@tailwindcss/oxide-freebsd-x64
69 silly reify mark deleted [
69 silly reify   '/home/faizan/Desktop/Office/watchlytics-frontend/node_modules/@tailwindcss/oxide-freebsd-x64'
69 silly reify ]
70 verbose reify failed optional dependency /home/faizan/Desktop/Office/watchlytics-frontend/node_modules/@tailwindcss/oxide-darwin-x64
71 silly reify mark deleted [
71 silly reify   '/home/faizan/Desktop/Office/watchlytics-frontend/node_modules/@tailwindcss/oxide-darwin-x64'
71 silly reify ]
72 verbose reify failed optional dependency /home/faizan/Desktop/Office/watchlytics-frontend/node_modules/@tailwindcss/oxide-darwin-arm64
73 silly reify mark deleted [
73 silly reify   '/home/faizan/Desktop/Office/watchlytics-frontend/node_modules/@tailwindcss/oxide-darwin-arm64'
73 silly reify ]
74 verbose reify failed optional dependency /home/faizan/Desktop/Office/watchlytics-frontend/node_modules/@tailwindcss/oxide-android-arm64
75 silly reify mark deleted [
75 silly reify   '/home/faizan/Desktop/Office/watchlytics-frontend/node_modules/@tailwindcss/oxide-android-arm64'
75 silly reify ]
76 verbose reify failed optional dependency /home/faizan/Desktop/Office/watchlytics-frontend/node_modules/@next/swc-win32-x64-msvc
77 silly reify mark deleted [
77 silly reify   '/home/faizan/Desktop/Office/watchlytics-frontend/node_modules/@next/swc-win32-x64-msvc'
77 silly reify ]
78 verbose reify failed optional dependency /home/faizan/Desktop/Office/watchlytics-frontend/node_modules/@next/swc-win32-arm64-msvc
79 silly reify mark deleted [
79 silly reify   '/home/faizan/Desktop/Office/watchlytics-frontend/node_modules/@next/swc-win32-arm64-msvc'
79 silly reify ]
80 verbose reify failed optional dependency /home/faizan/Desktop/Office/watchlytics-frontend/node_modules/@next/swc-linux-arm64-musl
81 silly reify mark deleted [
81 silly reify   '/home/faizan/Desktop/Office/watchlytics-frontend/node_modules/@next/swc-linux-arm64-musl'
81 silly reify ]
82 verbose reify failed optional dependency /home/faizan/Desktop/Office/watchlytics-frontend/node_modules/@next/swc-linux-arm64-gnu
83 silly reify mark deleted [
83 silly reify   '/home/faizan/Desktop/Office/watchlytics-frontend/node_modules/@next/swc-linux-arm64-gnu'
83 silly reify ]
84 verbose reify failed optional dependency /home/faizan/Desktop/Office/watchlytics-frontend/node_modules/@next/swc-darwin-x64
85 silly reify mark deleted [
85 silly reify   '/home/faizan/Desktop/Office/watchlytics-frontend/node_modules/@next/swc-darwin-x64'
85 silly reify ]
86 verbose reify failed optional dependency /home/faizan/Desktop/Office/watchlytics-frontend/node_modules/@next/swc-darwin-arm64
87 silly reify mark deleted [
87 silly reify   '/home/faizan/Desktop/Office/watchlytics-frontend/node_modules/@next/swc-darwin-arm64'
87 silly reify ]
88 verbose reify failed optional dependency /home/faizan/Desktop/Office/watchlytics-frontend/node_modules/@img/sharp-win32-x64
89 silly reify mark deleted [
89 silly reify   '/home/faizan/Desktop/Office/watchlytics-frontend/node_modules/@img/sharp-win32-x64'
89 silly reify ]
90 verbose reify failed optional dependency /home/faizan/Desktop/Office/watchlytics-frontend/node_modules/@img/sharp-win32-ia32
91 silly reify mark deleted [
91 silly reify   '/home/faizan/Desktop/Office/watchlytics-frontend/node_modules/@img/sharp-win32-ia32'
91 silly reify ]
92 verbose reify failed optional dependency /home/faizan/Desktop/Office/watchlytics-frontend/node_modules/@img/sharp-wasm32
93 silly reify mark deleted [
93 silly reify   '/home/faizan/Desktop/Office/watchlytics-frontend/node_modules/@img/sharp-wasm32'
93 silly reify ]
94 verbose reify failed optional dependency /home/faizan/Desktop/Office/watchlytics-frontend/node_modules/@img/sharp-linuxmusl-arm64
95 silly reify mark deleted [
95 silly reify   '/home/faizan/Desktop/Office/watchlytics-frontend/node_modules/@img/sharp-linuxmusl-arm64'
95 silly reify ]
96 verbose reify failed optional dependency /home/faizan/Desktop/Office/watchlytics-frontend/node_modules/@img/sharp-linux-s390x
97 silly reify mark deleted [
97 silly reify   '/home/faizan/Desktop/Office/watchlytics-frontend/node_modules/@img/sharp-linux-s390x'
97 silly reify ]
98 verbose reify failed optional dependency /home/faizan/Desktop/Office/watchlytics-frontend/node_modules/@img/sharp-linux-arm64
99 silly reify mark deleted [
99 silly reify   '/home/faizan/Desktop/Office/watchlytics-frontend/node_modules/@img/sharp-linux-arm64'
99 silly reify ]
100 verbose reify failed optional dependency /home/faizan/Desktop/Office/watchlytics-frontend/node_modules/@img/sharp-linux-arm
101 silly reify mark deleted [
101 silly reify   '/home/faizan/Desktop/Office/watchlytics-frontend/node_modules/@img/sharp-linux-arm'
101 silly reify ]
102 verbose reify failed optional dependency /home/faizan/Desktop/Office/watchlytics-frontend/node_modules/@img/sharp-libvips-linuxmusl-arm64
103 silly reify mark deleted [
103 silly reify   '/home/faizan/Desktop/Office/watchlytics-frontend/node_modules/@img/sharp-libvips-linuxmusl-arm64'
103 silly reify ]
104 verbose reify failed optional dependency /home/faizan/Desktop/Office/watchlytics-frontend/node_modules/@img/sharp-libvips-linux-s390x
105 silly reify mark deleted [
105 silly reify   '/home/faizan/Desktop/Office/watchlytics-frontend/node_modules/@img/sharp-libvips-linux-s390x'
105 silly reify ]
106 verbose reify failed optional dependency /home/faizan/Desktop/Office/watchlytics-frontend/node_modules/@img/sharp-libvips-linux-arm64
107 silly reify mark deleted [
107 silly reify   '/home/faizan/Desktop/Office/watchlytics-frontend/node_modules/@img/sharp-libvips-linux-arm64'
107 silly reify ]
108 verbose reify failed optional dependency /home/faizan/Desktop/Office/watchlytics-frontend/node_modules/@img/sharp-libvips-linux-arm
109 silly reify mark deleted [
109 silly reify   '/home/faizan/Desktop/Office/watchlytics-frontend/node_modules/@img/sharp-libvips-linux-arm'
109 silly reify ]
110 verbose reify failed optional dependency /home/faizan/Desktop/Office/watchlytics-frontend/node_modules/@img/sharp-libvips-darwin-x64
111 silly reify mark deleted [
111 silly reify   '/home/faizan/Desktop/Office/watchlytics-frontend/node_modules/@img/sharp-libvips-darwin-x64'
111 silly reify ]
112 verbose reify failed optional dependency /home/faizan/Desktop/Office/watchlytics-frontend/node_modules/@img/sharp-libvips-darwin-arm64
113 silly reify mark deleted [
113 silly reify   '/home/faizan/Desktop/Office/watchlytics-frontend/node_modules/@img/sharp-libvips-darwin-arm64'
113 silly reify ]
114 verbose reify failed optional dependency /home/faizan/Desktop/Office/watchlytics-frontend/node_modules/@img/sharp-darwin-x64
115 silly reify mark deleted [
115 silly reify   '/home/faizan/Desktop/Office/watchlytics-frontend/node_modules/@img/sharp-darwin-x64'
115 silly reify ]
116 verbose reify failed optional dependency /home/faizan/Desktop/Office/watchlytics-frontend/node_modules/@img/sharp-darwin-arm64
117 silly reify mark deleted [
117 silly reify   '/home/faizan/Desktop/Office/watchlytics-frontend/node_modules/@img/sharp-darwin-arm64'
117 silly reify ]
118 silly tarball no local data for yocto-queue@https://registry.npmjs.org/yocto-queue/-/yocto-queue-0.1.0.tgz. Extracting by manifest.
119 silly tarball no local data for which-typed-array@https://registry.npmjs.org/which-typed-array/-/which-typed-array-1.1.19.tgz. Extracting by manifest.
120 silly tarball no local data for word-wrap@https://registry.npmjs.org/word-wrap/-/word-wrap-1.2.5.tgz. Extracting by manifest.
121 silly tarball no local data for which-boxed-primitive@https://registry.npmjs.org/which-boxed-primitive/-/which-boxed-primitive-1.1.1.tgz. Extracting by manifest.
122 silly tarball no local data for which-collection@https://registry.npmjs.org/which-collection/-/which-collection-1.0.2.tgz. Extracting by manifest.
123 silly tarball no local data for which@https://registry.npmjs.org/which/-/which-2.0.2.tgz. Extracting by manifest.
124 silly tarball no local data for which-builtin-type@https://registry.npmjs.org/which-builtin-type/-/which-builtin-type-1.2.1.tgz. Extracting by manifest.
125 silly tarball no local data for undici-types@https://registry.npmjs.org/undici-types/-/undici-types-6.19.8.tgz. Extracting by manifest.
126 silly tarball no local data for uri-js@https://registry.npmjs.org/uri-js/-/uri-js-4.4.1.tgz. Extracting by manifest.
127 silly tarball no local data for unbox-primitive@https://registry.npmjs.org/unbox-primitive/-/unbox-primitive-1.1.0.tgz. Extracting by manifest.
128 silly tarball no local data for typescript@https://registry.npmjs.org/typescript/-/typescript-5.8.2.tgz. Extracting by manifest.
129 silly tarball no local data for typed-array-byte-offset@https://registry.npmjs.org/typed-array-byte-offset/-/typed-array-byte-offset-1.0.4.tgz. Extracting by manifest.
130 silly tarball no local data for typed-array-length@https://registry.npmjs.org/typed-array-length/-/typed-array-length-1.0.7.tgz. Extracting by manifest.
131 silly tarball no local data for typed-array-byte-length@https://registry.npmjs.org/typed-array-byte-length/-/typed-array-byte-length-1.0.3.tgz. Extracting by manifest.
132 silly tarball no local data for typed-array-buffer@https://registry.npmjs.org/typed-array-buffer/-/typed-array-buffer-1.0.3.tgz. Extracting by manifest.
133 silly tarball no local data for type-check@https://registry.npmjs.org/type-check/-/type-check-0.4.0.tgz. Extracting by manifest.
134 silly tarball no local data for tsconfig-paths@https://registry.npmjs.org/tsconfig-paths/-/tsconfig-paths-3.15.0.tgz. Extracting by manifest.
135 silly tarball no local data for tslib@https://registry.npmjs.org/tslib/-/tslib-2.8.1.tgz. Extracting by manifest.
136 silly tarball no local data for ts-api-utils@https://registry.npmjs.org/ts-api-utils/-/ts-api-utils-2.0.1.tgz. Extracting by manifest.
137 silly tarball no local data for to-regex-range@https://registry.npmjs.org/to-regex-range/-/to-regex-range-5.0.1.tgz. Extracting by manifest.
138 silly tarball no local data for tinyglobby@https://registry.npmjs.org/tinyglobby/-/tinyglobby-0.2.12.tgz. Extracting by manifest.
139 silly tarball no local data for tapable@https://registry.npmjs.org/tapable/-/tapable-2.2.1.tgz. Extracting by manifest.
140 silly tarball no local data for tailwindcss@https://registry.npmjs.org/tailwindcss/-/tailwindcss-4.0.14.tgz. Extracting by manifest.
141 silly tarball no local data for supports-color@https://registry.npmjs.org/supports-color/-/supports-color-7.2.0.tgz. Extracting by manifest.
142 silly tarball no local data for styled-jsx@https://registry.npmjs.org/styled-jsx/-/styled-jsx-5.1.6.tgz. Extracting by manifest.
143 silly tarball no local data for supports-preserve-symlinks-flag@https://registry.npmjs.org/supports-preserve-symlinks-flag/-/supports-preserve-symlinks-flag-1.0.0.tgz. Extracting by manifest.
144 silly tarball no local data for strip-json-comments@https://registry.npmjs.org/strip-json-comments/-/strip-json-comments-3.1.1.tgz. Extracting by manifest.
145 silly tarball no local data for strip-bom@https://registry.npmjs.org/strip-bom/-/strip-bom-3.0.0.tgz. Extracting by manifest.
146 silly tarball no local data for string.prototype.trimend@https://registry.npmjs.org/string.prototype.trimend/-/string.prototype.trimend-1.0.9.tgz. Extracting by manifest.
147 silly tarball no local data for string.prototype.trimstart@https://registry.npmjs.org/string.prototype.trimstart/-/string.prototype.trimstart-1.0.8.tgz. Extracting by manifest.
148 silly tarball no local data for string.prototype.trim@https://registry.npmjs.org/string.prototype.trim/-/string.prototype.trim-1.2.10.tgz. Extracting by manifest.
149 silly tarball no local data for string.prototype.repeat@https://registry.npmjs.org/string.prototype.repeat/-/string.prototype.repeat-1.0.0.tgz. Extracting by manifest.
150 silly tarball no local data for string.prototype.includes@https://registry.npmjs.org/string.prototype.includes/-/string.prototype.includes-2.0.1.tgz. Extracting by manifest.
151 silly tarball no local data for string.prototype.matchall@https://registry.npmjs.org/string.prototype.matchall/-/string.prototype.matchall-4.0.12.tgz. Extracting by manifest.
152 silly tarball no local data for streamsearch@https://registry.npmjs.org/streamsearch/-/streamsearch-1.1.0.tgz. Extracting by manifest.
153 silly tarball no local data for stable-hash@https://registry.npmjs.org/stable-hash/-/stable-hash-0.0.5.tgz. Extracting by manifest.
154 silly tarball no local data for source-map-js@https://registry.npmjs.org/source-map-js/-/source-map-js-1.2.1.tgz. Extracting by manifest.
155 silly tarball no local data for side-channel-weakmap@https://registry.npmjs.org/side-channel-weakmap/-/side-channel-weakmap-1.0.2.tgz. Extracting by manifest.
156 silly tarball no local data for simple-swizzle@https://registry.npmjs.org/simple-swizzle/-/simple-swizzle-0.2.2.tgz. Extracting by manifest.
157 silly tarball no local data for side-channel-map@https://registry.npmjs.org/side-channel-map/-/side-channel-map-1.0.1.tgz. Extracting by manifest.
158 silly tarball no local data for side-channel-list@https://registry.npmjs.org/side-channel-list/-/side-channel-list-1.0.0.tgz. Extracting by manifest.
159 silly tarball no local data for side-channel@https://registry.npmjs.org/side-channel/-/side-channel-1.1.0.tgz. Extracting by manifest.
160 silly tarball no local data for shebang-regex@https://registry.npmjs.org/shebang-regex/-/shebang-regex-3.0.0.tgz. Extracting by manifest.
161 silly tarball no local data for shebang-command@https://registry.npmjs.org/shebang-command/-/shebang-command-2.0.0.tgz. Extracting by manifest.
162 silly tarball no local data for sharp@https://registry.npmjs.org/sharp/-/sharp-0.33.5.tgz. Extracting by manifest.
163 silly tarball no local data for set-proto@https://registry.npmjs.org/set-proto/-/set-proto-1.0.0.tgz. Extracting by manifest.
164 silly tarball no local data for set-function-name@https://registry.npmjs.org/set-function-name/-/set-function-name-2.0.2.tgz. Extracting by manifest.
165 silly tarball no local data for set-function-length@https://registry.npmjs.org/set-function-length/-/set-function-length-1.2.2.tgz. Extracting by manifest.
166 silly tarball no local data for semver@https://registry.npmjs.org/semver/-/semver-7.7.1.tgz. Extracting by manifest.
167 silly tarball no local data for scheduler@https://registry.npmjs.org/scheduler/-/scheduler-0.25.0.tgz. Extracting by manifest.
168 silly tarball no local data for safe-regex-test@https://registry.npmjs.org/safe-regex-test/-/safe-regex-test-1.1.0.tgz. Extracting by manifest.
169 silly tarball no local data for safe-push-apply@https://registry.npmjs.org/safe-push-apply/-/safe-push-apply-1.0.0.tgz. Extracting by manifest.
170 silly tarball no local data for run-parallel@https://registry.npmjs.org/run-parallel/-/run-parallel-1.2.0.tgz. Extracting by manifest.
171 silly tarball no local data for rspack-resolver@https://registry.npmjs.org/rspack-resolver/-/rspack-resolver-1.2.2.tgz. Extracting by manifest.
172 silly tarball no local data for safe-array-concat@https://registry.npmjs.org/safe-array-concat/-/safe-array-concat-1.1.3.tgz. Extracting by manifest.
173 silly tarball no local data for reusify@https://registry.npmjs.org/reusify/-/reusify-1.1.0.tgz. Extracting by manifest.
174 silly tarball no local data for resolve-pkg-maps@https://registry.npmjs.org/resolve-pkg-maps/-/resolve-pkg-maps-1.0.0.tgz. Extracting by manifest.
175 silly tarball no local data for resolve-from@https://registry.npmjs.org/resolve-from/-/resolve-from-4.0.0.tgz. Extracting by manifest.
176 silly tarball no local data for resolve@https://registry.npmjs.org/resolve/-/resolve-1.22.10.tgz. Extracting by manifest.
177 silly tarball no local data for react-is@https://registry.npmjs.org/react-is/-/react-is-16.13.1.tgz. Extracting by manifest.
178 silly tarball no local data for react-dom@https://registry.npmjs.org/react-dom/-/react-dom-19.0.0.tgz. Extracting by manifest.
179 silly tarball no local data for reflect.getprototypeof@https://registry.npmjs.org/reflect.getprototypeof/-/reflect.getprototypeof-1.0.10.tgz. Extracting by manifest.
180 silly tarball no local data for regexp.prototype.flags@https://registry.npmjs.org/regexp.prototype.flags/-/regexp.prototype.flags-1.5.4.tgz. Extracting by manifest.
181 silly tarball no local data for react@https://registry.npmjs.org/react/-/react-19.0.0.tgz. Extracting by manifest.
182 silly tarball no local data for queue-microtask@https://registry.npmjs.org/queue-microtask/-/queue-microtask-1.2.3.tgz. Extracting by manifest.
183 silly tarball no local data for punycode@https://registry.npmjs.org/punycode/-/punycode-2.3.1.tgz. Extracting by manifest.
184 silly tarball no local data for prop-types@https://registry.npmjs.org/prop-types/-/prop-types-15.8.1.tgz. Extracting by manifest.
185 silly tarball no local data for prelude-ls@https://registry.npmjs.org/prelude-ls/-/prelude-ls-1.2.1.tgz. Extracting by manifest.
186 silly tarball no local data for postcss@https://registry.npmjs.org/postcss/-/postcss-8.5.3.tgz. Extracting by manifest.
187 silly tarball no local data for possible-typed-array-names@https://registry.npmjs.org/possible-typed-array-names/-/possible-typed-array-names-1.1.0.tgz. Extracting by manifest.
188 silly tarball no local data for path-parse@https://registry.npmjs.org/path-parse/-/path-parse-1.0.7.tgz. Extracting by manifest.
189 silly tarball no local data for picomatch@https://registry.npmjs.org/picomatch/-/picomatch-2.3.1.tgz. Extracting by manifest.
190 silly tarball no local data for picocolors@https://registry.npmjs.org/picocolors/-/picocolors-1.1.1.tgz. Extracting by manifest.
191 silly tarball no local data for path-key@https://registry.npmjs.org/path-key/-/path-key-3.1.1.tgz. Extracting by manifest.
192 silly tarball no local data for path-exists@https://registry.npmjs.org/path-exists/-/path-exists-4.0.0.tgz. Extracting by manifest.
193 silly tarball no local data for parent-module@https://registry.npmjs.org/parent-module/-/parent-module-1.0.1.tgz. Extracting by manifest.
194 silly tarball no local data for p-locate@https://registry.npmjs.org/p-locate/-/p-locate-5.0.0.tgz. Extracting by manifest.
195 silly tarball no local data for p-limit@https://registry.npmjs.org/p-limit/-/p-limit-3.1.0.tgz. Extracting by manifest.
196 silly tarball no local data for own-keys@https://registry.npmjs.org/own-keys/-/own-keys-1.0.1.tgz. Extracting by manifest.
197 silly tarball no local data for object.values@https://registry.npmjs.org/object.values/-/object.values-1.2.1.tgz. Extracting by manifest.
198 silly tarball no local data for optionator@https://registry.npmjs.org/optionator/-/optionator-0.9.4.tgz. Extracting by manifest.
199 silly tarball no local data for object.groupby@https://registry.npmjs.org/object.groupby/-/object.groupby-1.0.3.tgz. Extracting by manifest.
200 silly tarball no local data for object.fromentries@https://registry.npmjs.org/object.fromentries/-/object.fromentries-2.0.8.tgz. Extracting by manifest.
201 silly tarball no local data for object.entries@https://registry.npmjs.org/object.entries/-/object.entries-1.1.9.tgz. Extracting by manifest.
202 silly tarball no local data for object.assign@https://registry.npmjs.org/object.assign/-/object.assign-4.1.7.tgz. Extracting by manifest.
203 silly tarball no local data for object-keys@https://registry.npmjs.org/object-keys/-/object-keys-1.1.1.tgz. Extracting by manifest.
204 silly tarball no local data for object-inspect@https://registry.npmjs.org/object-inspect/-/object-inspect-1.13.4.tgz. Extracting by manifest.
205 silly tarball no local data for object-assign@https://registry.npmjs.org/object-assign/-/object-assign-4.1.1.tgz. Extracting by manifest.
206 silly tarball no local data for next@https://registry.npmjs.org/next/-/next-15.2.3.tgz. Extracting by manifest.
207 silly tarball no local data for natural-compare@https://registry.npmjs.org/natural-compare/-/natural-compare-1.4.0.tgz. Extracting by manifest.
208 silly tarball no local data for nanoid@https://registry.npmjs.org/nanoid/-/nanoid-3.3.11.tgz. Extracting by manifest.
209 silly tarball no local data for ms@https://registry.npmjs.org/ms/-/ms-2.1.3.tgz. Extracting by manifest.
210 silly tarball no local data for minimist@https://registry.npmjs.org/minimist/-/minimist-1.2.8.tgz. Extracting by manifest.
211 silly tarball no local data for minimatch@https://registry.npmjs.org/minimatch/-/minimatch-3.1.2.tgz. Extracting by manifest.
212 silly tarball no local data for micromatch@https://registry.npmjs.org/micromatch/-/micromatch-4.0.8.tgz. Extracting by manifest.
213 silly tarball no local data for merge2@https://registry.npmjs.org/merge2/-/merge2-1.4.1.tgz. Extracting by manifest.
214 silly tarball no local data for loose-envify@https://registry.npmjs.org/loose-envify/-/loose-envify-1.4.0.tgz. Extracting by manifest.
215 silly tarball no local data for math-intrinsics@https://registry.npmjs.org/math-intrinsics/-/math-intrinsics-1.1.0.tgz. Extracting by manifest.
216 silly tarball no local data for lodash.merge@https://registry.npmjs.org/lodash.merge/-/lodash.merge-4.6.2.tgz. Extracting by manifest.
217 silly tarball no local data for locate-path@https://registry.npmjs.org/locate-path/-/locate-path-6.0.0.tgz. Extracting by manifest.
218 silly tarball no local data for lightningcss-linux-x64-musl@https://registry.npmjs.org/lightningcss-linux-x64-musl/-/lightningcss-linux-x64-musl-1.29.2.tgz. Extracting by manifest.
219 silly tarball no local data for lightningcss@https://registry.npmjs.org/lightningcss/-/lightningcss-1.29.2.tgz. Extracting by manifest.
220 silly tarball no local data for levn@https://registry.npmjs.org/levn/-/levn-0.4.1.tgz. Extracting by manifest.
221 silly tarball no local data for language-tags@https://registry.npmjs.org/language-tags/-/language-tags-1.0.9.tgz. Extracting by manifest.
222 silly tarball no local data for lightningcss-linux-x64-gnu@https://registry.npmjs.org/lightningcss-linux-x64-gnu/-/lightningcss-linux-x64-gnu-1.29.2.tgz. Extracting by manifest.
223 silly tarball no local data for language-subtag-registry@https://registry.npmjs.org/language-subtag-registry/-/language-subtag-registry-0.3.23.tgz. Extracting by manifest.
224 silly tarball no local data for jsx-ast-utils@https://registry.npmjs.org/jsx-ast-utils/-/jsx-ast-utils-3.3.5.tgz. Extracting by manifest.
225 silly tarball no local data for keyv@https://registry.npmjs.org/keyv/-/keyv-4.5.4.tgz. Extracting by manifest.
226 silly tarball no local data for json5@https://registry.npmjs.org/json5/-/json5-1.0.2.tgz. Extracting by manifest.
227 silly tarball no local data for json-stable-stringify-without-jsonify@https://registry.npmjs.org/json-stable-stringify-without-jsonify/-/json-stable-stringify-without-jsonify-1.0.1.tgz. Extracting by manifest.
228 silly tarball no local data for json-schema-traverse@https://registry.npmjs.org/json-schema-traverse/-/json-schema-traverse-0.4.1.tgz. Extracting by manifest.
229 silly tarball no local data for js-yaml@https://registry.npmjs.org/js-yaml/-/js-yaml-4.1.0.tgz. Extracting by manifest.
230 silly tarball no local data for js-tokens@https://registry.npmjs.org/js-tokens/-/js-tokens-4.0.0.tgz. Extracting by manifest.
231 silly tarball no local data for json-buffer@https://registry.npmjs.org/json-buffer/-/json-buffer-3.0.1.tgz. Extracting by manifest.
232 silly tarball no local data for jiti@https://registry.npmjs.org/jiti/-/jiti-2.4.2.tgz. Extracting by manifest.
233 silly tarball no local data for iterator.prototype@https://registry.npmjs.org/iterator.prototype/-/iterator.prototype-1.1.5.tgz. Extracting by manifest.
234 silly tarball no local data for isexe@https://registry.npmjs.org/isexe/-/isexe-2.0.0.tgz. Extracting by manifest.
235 silly tarball no local data for isarray@https://registry.npmjs.org/isarray/-/isarray-2.0.5.tgz. Extracting by manifest.
236 silly tarball no local data for is-weakset@https://registry.npmjs.org/is-weakset/-/is-weakset-2.0.4.tgz. Extracting by manifest.
237 silly tarball no local data for is-weakmap@https://registry.npmjs.org/is-weakmap/-/is-weakmap-2.0.2.tgz. Extracting by manifest.
238 silly tarball no local data for is-weakref@https://registry.npmjs.org/is-weakref/-/is-weakref-1.1.1.tgz. Extracting by manifest.
239 silly tarball no local data for is-symbol@https://registry.npmjs.org/is-symbol/-/is-symbol-1.1.1.tgz. Extracting by manifest.
240 silly tarball no local data for is-typed-array@https://registry.npmjs.org/is-typed-array/-/is-typed-array-1.1.15.tgz. Extracting by manifest.
241 silly tarball no local data for is-string@https://registry.npmjs.org/is-string/-/is-string-1.1.1.tgz. Extracting by manifest.
242 silly tarball no local data for is-shared-array-buffer@https://registry.npmjs.org/is-shared-array-buffer/-/is-shared-array-buffer-1.0.4.tgz. Extracting by manifest.
243 silly tarball no local data for is-set@https://registry.npmjs.org/is-set/-/is-set-2.0.3.tgz. Extracting by manifest.
244 silly tarball no local data for is-number-object@https://registry.npmjs.org/is-number-object/-/is-number-object-1.1.1.tgz. Extracting by manifest.
245 silly tarball no local data for is-number@https://registry.npmjs.org/is-number/-/is-number-7.0.0.tgz. Extracting by manifest.
246 silly tarball no local data for is-map@https://registry.npmjs.org/is-map/-/is-map-2.0.3.tgz. Extracting by manifest.
247 silly tarball no local data for is-regex@https://registry.npmjs.org/is-regex/-/is-regex-1.2.1.tgz. Extracting by manifest.
248 silly tarball no local data for is-glob@https://registry.npmjs.org/is-glob/-/is-glob-4.0.3.tgz. Extracting by manifest.
249 silly tarball no local data for is-generator-function@https://registry.npmjs.org/is-generator-function/-/is-generator-function-1.1.0.tgz. Extracting by manifest.
250 silly tarball no local data for is-finalizationregistry@https://registry.npmjs.org/is-finalizationregistry/-/is-finalizationregistry-1.1.1.tgz. Extracting by manifest.
251 silly tarball no local data for is-extglob@https://registry.npmjs.org/is-extglob/-/is-extglob-2.1.1.tgz. Extracting by manifest.
252 silly tarball no local data for is-date-object@https://registry.npmjs.org/is-date-object/-/is-date-object-1.1.0.tgz. Extracting by manifest.
253 silly tarball no local data for is-core-module@https://registry.npmjs.org/is-core-module/-/is-core-module-2.16.1.tgz. Extracting by manifest.
254 silly tarball no local data for is-callable@https://registry.npmjs.org/is-callable/-/is-callable-1.2.7.tgz. Extracting by manifest.
255 silly tarball no local data for is-data-view@https://registry.npmjs.org/is-data-view/-/is-data-view-1.0.2.tgz. Extracting by manifest.
256 silly tarball no local data for is-bun-module@https://registry.npmjs.org/is-bun-module/-/is-bun-module-1.3.0.tgz. Extracting by manifest.
257 silly tarball no local data for is-boolean-object@https://registry.npmjs.org/is-boolean-object/-/is-boolean-object-1.2.2.tgz. Extracting by manifest.
258 silly tarball no local data for is-bigint@https://registry.npmjs.org/is-bigint/-/is-bigint-1.1.0.tgz. Extracting by manifest.
259 silly tarball no local data for is-async-function@https://registry.npmjs.org/is-async-function/-/is-async-function-2.1.1.tgz. Extracting by manifest.
260 silly tarball no local data for is-arrayish@https://registry.npmjs.org/is-arrayish/-/is-arrayish-0.3.2.tgz. Extracting by manifest.
261 silly tarball no local data for is-array-buffer@https://registry.npmjs.org/is-array-buffer/-/is-array-buffer-3.0.5.tgz. Extracting by manifest.
262 silly tarball no local data for internal-slot@https://registry.npmjs.org/internal-slot/-/internal-slot-1.1.0.tgz. Extracting by manifest.
263 silly tarball no local data for imurmurhash@https://registry.npmjs.org/imurmurhash/-/imurmurhash-0.1.4.tgz. Extracting by manifest.
264 silly tarball no local data for import-fresh@https://registry.npmjs.org/import-fresh/-/import-fresh-3.3.1.tgz. Extracting by manifest.
265 silly tarball no local data for ignore@https://registry.npmjs.org/ignore/-/ignore-5.3.2.tgz. Extracting by manifest.
266 silly tarball no local data for has-tostringtag@https://registry.npmjs.org/has-tostringtag/-/has-tostringtag-1.0.2.tgz. Extracting by manifest.
267 silly tarball no local data for has-symbols@https://registry.npmjs.org/has-symbols/-/has-symbols-1.1.0.tgz. Extracting by manifest.
268 silly tarball no local data for hasown@https://registry.npmjs.org/hasown/-/hasown-2.0.2.tgz. Extracting by manifest.
269 silly tarball no local data for has-proto@https://registry.npmjs.org/has-proto/-/has-proto-1.2.0.tgz. Extracting by manifest.
270 silly tarball no local data for has-flag@https://registry.npmjs.org/has-flag/-/has-flag-4.0.0.tgz. Extracting by manifest.
271 silly tarball no local data for has-property-descriptors@https://registry.npmjs.org/has-property-descriptors/-/has-property-descriptors-1.0.2.tgz. Extracting by manifest.
272 silly tarball no local data for has-bigints@https://registry.npmjs.org/has-bigints/-/has-bigints-1.1.0.tgz. Extracting by manifest.
273 silly tarball no local data for graphemer@https://registry.npmjs.org/graphemer/-/graphemer-1.4.0.tgz. Extracting by manifest.
274 silly tarball no local data for graceful-fs@https://registry.npmjs.org/graceful-fs/-/graceful-fs-4.2.11.tgz. Extracting by manifest.
275 silly tarball no local data for gopd@https://registry.npmjs.org/gopd/-/gopd-1.2.0.tgz. Extracting by manifest.
276 silly tarball no local data for globalthis@https://registry.npmjs.org/globalthis/-/globalthis-1.0.4.tgz. Extracting by manifest.
277 silly tarball no local data for glob-parent@https://registry.npmjs.org/glob-parent/-/glob-parent-6.0.2.tgz. Extracting by manifest.
278 silly tarball no local data for globals@https://registry.npmjs.org/globals/-/globals-14.0.0.tgz. Extracting by manifest.
279 silly tarball no local data for get-tsconfig@https://registry.npmjs.org/get-tsconfig/-/get-tsconfig-4.10.0.tgz. Extracting by manifest.
280 silly tarball no local data for get-symbol-description@https://registry.npmjs.org/get-symbol-description/-/get-symbol-description-1.1.0.tgz. Extracting by manifest.
281 silly tarball no local data for get-intrinsic@https://registry.npmjs.org/get-intrinsic/-/get-intrinsic-1.3.0.tgz. Extracting by manifest.
282 silly tarball no local data for functions-have-names@https://registry.npmjs.org/functions-have-names/-/functions-have-names-1.2.3.tgz. Extracting by manifest.
283 silly tarball no local data for function.prototype.name@https://registry.npmjs.org/function.prototype.name/-/function.prototype.name-1.1.8.tgz. Extracting by manifest.
284 silly tarball no local data for get-proto@https://registry.npmjs.org/get-proto/-/get-proto-1.0.1.tgz. Extracting by manifest.
285 silly tarball no local data for function-bind@https://registry.npmjs.org/function-bind/-/function-bind-1.1.2.tgz. Extracting by manifest.
286 silly tarball no local data for for-each@https://registry.npmjs.org/for-each/-/for-each-0.3.5.tgz. Extracting by manifest.
287 silly tarball no local data for flatted@https://registry.npmjs.org/flatted/-/flatted-3.3.3.tgz. Extracting by manifest.
288 silly tarball no local data for flat-cache@https://registry.npmjs.org/flat-cache/-/flat-cache-4.0.1.tgz. Extracting by manifest.
289 silly tarball no local data for find-up@https://registry.npmjs.org/find-up/-/find-up-5.0.0.tgz. Extracting by manifest.
290 silly tarball no local data for fill-range@https://registry.npmjs.org/fill-range/-/fill-range-7.1.1.tgz. Extracting by manifest.
291 silly tarball no local data for file-entry-cache@https://registry.npmjs.org/file-entry-cache/-/file-entry-cache-8.0.0.tgz. Extracting by manifest.
292 silly tarball no local data for fdir@https://registry.npmjs.org/fdir/-/fdir-6.4.3.tgz. Extracting by manifest.
293 silly tarball no local data for fastq@https://registry.npmjs.org/fastq/-/fastq-1.19.1.tgz. Extracting by manifest.
294 silly tarball no local data for fast-levenshtein@https://registry.npmjs.org/fast-levenshtein/-/fast-levenshtein-2.0.6.tgz. Extracting by manifest.
295 silly tarball no local data for fast-json-stable-stringify@https://registry.npmjs.org/fast-json-stable-stringify/-/fast-json-stable-stringify-2.1.0.tgz. Extracting by manifest.
296 silly tarball no local data for fast-glob@https://registry.npmjs.org/fast-glob/-/fast-glob-3.3.1.tgz. Extracting by manifest.
297 silly tarball no local data for fast-deep-equal@https://registry.npmjs.org/fast-deep-equal/-/fast-deep-equal-3.1.3.tgz. Extracting by manifest.
298 silly tarball no local data for esutils@https://registry.npmjs.org/esutils/-/esutils-2.0.3.tgz. Extracting by manifest.
299 silly tarball no local data for estraverse@https://registry.npmjs.org/estraverse/-/estraverse-5.3.0.tgz. Extracting by manifest.
300 silly tarball no local data for esquery@https://registry.npmjs.org/esquery/-/esquery-1.6.0.tgz. Extracting by manifest.
301 silly tarball no local data for esrecurse@https://registry.npmjs.org/esrecurse/-/esrecurse-4.3.0.tgz. Extracting by manifest.
302 silly tarball no local data for espree@https://registry.npmjs.org/espree/-/espree-10.3.0.tgz. Extracting by manifest.
303 silly tarball no local data for eslint-plugin-react-hooks@https://registry.npmjs.org/eslint-plugin-react-hooks/-/eslint-plugin-react-hooks-5.2.0.tgz. Extracting by manifest.
304 silly tarball no local data for eslint-scope@https://registry.npmjs.org/eslint-scope/-/eslint-scope-8.3.0.tgz. Extracting by manifest.
305 silly tarball no local data for eslint-visitor-keys@https://registry.npmjs.org/eslint-visitor-keys/-/eslint-visitor-keys-4.2.0.tgz. Extracting by manifest.
306 silly tarball no local data for eslint-plugin-react@https://registry.npmjs.org/eslint-plugin-react/-/eslint-plugin-react-7.37.4.tgz. Extracting by manifest.
307 silly tarball no local data for eslint-plugin-jsx-a11y@https://registry.npmjs.org/eslint-plugin-jsx-a11y/-/eslint-plugin-jsx-a11y-6.10.2.tgz. Extracting by manifest.
308 silly tarball no local data for eslint-plugin-import@https://registry.npmjs.org/eslint-plugin-import/-/eslint-plugin-import-2.31.0.tgz. Extracting by manifest.
309 silly tarball no local data for eslint-import-resolver-typescript@https://registry.npmjs.org/eslint-import-resolver-typescript/-/eslint-import-resolver-typescript-3.9.1.tgz. Extracting by manifest.
310 silly tarball no local data for eslint-module-utils@https://registry.npmjs.org/eslint-module-utils/-/eslint-module-utils-2.12.0.tgz. Extracting by manifest.
311 silly tarball no local data for eslint-import-resolver-node@https://registry.npmjs.org/eslint-import-resolver-node/-/eslint-import-resolver-node-0.3.9.tgz. Extracting by manifest.
312 silly tarball no local data for eslint-config-next@https://registry.npmjs.org/eslint-config-next/-/eslint-config-next-15.2.3.tgz. Extracting by manifest.
313 silly tarball no local data for eslint@https://registry.npmjs.org/eslint/-/eslint-9.22.0.tgz. Extracting by manifest.
314 silly tarball no local data for escape-string-regexp@https://registry.npmjs.org/escape-string-regexp/-/escape-string-regexp-4.0.0.tgz. Extracting by manifest.
315 silly tarball no local data for es-to-primitive@https://registry.npmjs.org/es-to-primitive/-/es-to-primitive-1.3.0.tgz. Extracting by manifest.
316 silly tarball no local data for es-shim-unscopables@https://registry.npmjs.org/es-shim-unscopables/-/es-shim-unscopables-1.1.0.tgz. Extracting by manifest.
317 silly tarball no local data for es-set-tostringtag@https://registry.npmjs.org/es-set-tostringtag/-/es-set-tostringtag-2.1.0.tgz. Extracting by manifest.
318 silly tarball no local data for es-object-atoms@https://registry.npmjs.org/es-object-atoms/-/es-object-atoms-1.1.1.tgz. Extracting by manifest.
319 silly tarball no local data for es-iterator-helpers@https://registry.npmjs.org/es-iterator-helpers/-/es-iterator-helpers-1.2.1.tgz. Extracting by manifest.
320 silly tarball no local data for es-errors@https://registry.npmjs.org/es-errors/-/es-errors-1.3.0.tgz. Extracting by manifest.
321 silly tarball no local data for es-define-property@https://registry.npmjs.org/es-define-property/-/es-define-property-1.0.1.tgz. Extracting by manifest.
322 silly tarball no local data for es-abstract@https://registry.npmjs.org/es-abstract/-/es-abstract-1.23.9.tgz. Extracting by manifest.
323 silly tarball no local data for enhanced-resolve@https://registry.npmjs.org/enhanced-resolve/-/enhanced-resolve-5.18.1.tgz. Extracting by manifest.
324 silly tarball no local data for emoji-regex@https://registry.npmjs.org/emoji-regex/-/emoji-regex-9.2.2.tgz. Extracting by manifest.
325 silly tarball no local data for dunder-proto@https://registry.npmjs.org/dunder-proto/-/dunder-proto-1.0.1.tgz. Extracting by manifest.
326 silly tarball no local data for doctrine@https://registry.npmjs.org/doctrine/-/doctrine-2.1.0.tgz. Extracting by manifest.
327 silly tarball no local data for detect-libc@https://registry.npmjs.org/detect-libc/-/detect-libc-2.0.3.tgz. Extracting by manifest.
328 silly tarball no local data for define-properties@https://registry.npmjs.org/define-properties/-/define-properties-1.2.1.tgz. Extracting by manifest.
329 silly tarball no local data for define-data-property@https://registry.npmjs.org/define-data-property/-/define-data-property-1.1.4.tgz. Extracting by manifest.
330 silly tarball no local data for deep-is@https://registry.npmjs.org/deep-is/-/deep-is-0.1.4.tgz. Extracting by manifest.
331 silly tarball no local data for debug@https://registry.npmjs.org/debug/-/debug-4.4.0.tgz. Extracting by manifest.
332 silly tarball no local data for data-view-byte-offset@https://registry.npmjs.org/data-view-byte-offset/-/data-view-byte-offset-1.0.1.tgz. Extracting by manifest.
333 silly tarball no local data for data-view-byte-length@https://registry.npmjs.org/data-view-byte-length/-/data-view-byte-length-1.0.2.tgz. Extracting by manifest.
334 silly tarball no local data for damerau-levenshtein@https://registry.npmjs.org/damerau-levenshtein/-/damerau-levenshtein-1.0.8.tgz. Extracting by manifest.
335 silly tarball no local data for csstype@https://registry.npmjs.org/csstype/-/csstype-3.1.3.tgz. Extracting by manifest.
336 silly tarball no local data for data-view-buffer@https://registry.npmjs.org/data-view-buffer/-/data-view-buffer-1.0.2.tgz. Extracting by manifest.
337 silly tarball no local data for cross-spawn@https://registry.npmjs.org/cross-spawn/-/cross-spawn-7.0.6.tgz. Extracting by manifest.
338 silly tarball no local data for color-string@https://registry.npmjs.org/color-string/-/color-string-1.9.1.tgz. Extracting by manifest.
339 silly tarball no local data for concat-map@https://registry.npmjs.org/concat-map/-/concat-map-0.0.1.tgz. Extracting by manifest.
340 silly tarball no local data for color-convert@https://registry.npmjs.org/color-convert/-/color-convert-2.0.1.tgz. Extracting by manifest.
341 silly tarball no local data for color-name@https://registry.npmjs.org/color-name/-/color-name-1.1.4.tgz. Extracting by manifest.
342 silly tarball no local data for color@https://registry.npmjs.org/color/-/color-4.2.3.tgz. Extracting by manifest.
343 silly tarball no local data for client-only@https://registry.npmjs.org/client-only/-/client-only-0.0.1.tgz. Extracting by manifest.
344 silly tarball no local data for caniuse-lite@https://registry.npmjs.org/caniuse-lite/-/caniuse-lite-1.0.30001706.tgz. Extracting by manifest.
345 silly tarball no local data for chalk@https://registry.npmjs.org/chalk/-/chalk-4.1.2.tgz. Extracting by manifest.
346 silly tarball no local data for call-bound@https://registry.npmjs.org/call-bound/-/call-bound-1.0.4.tgz. Extracting by manifest.
347 silly tarball no local data for callsites@https://registry.npmjs.org/callsites/-/callsites-3.1.0.tgz. Extracting by manifest.
348 silly tarball no local data for call-bind-apply-helpers@https://registry.npmjs.org/call-bind-apply-helpers/-/call-bind-apply-helpers-1.0.2.tgz. Extracting by manifest.
349 silly tarball no local data for busboy@https://registry.npmjs.org/busboy/-/busboy-1.6.0.tgz. Extracting by manifest.
350 silly tarball no local data for call-bind@https://registry.npmjs.org/call-bind/-/call-bind-1.0.8.tgz. Extracting by manifest.
351 silly tarball no local data for braces@https://registry.npmjs.org/braces/-/braces-3.0.3.tgz. Extracting by manifest.
352 silly tarball no local data for brace-expansion@https://registry.npmjs.org/brace-expansion/-/brace-expansion-1.1.11.tgz. Extracting by manifest.
353 silly tarball no local data for balanced-match@https://registry.npmjs.org/balanced-match/-/balanced-match-1.0.2.tgz. Extracting by manifest.
354 silly tarball no local data for axe-core@https://registry.npmjs.org/axe-core/-/axe-core-4.10.3.tgz. Extracting by manifest.
355 silly tarball no local data for axobject-query@https://registry.npmjs.org/axobject-query/-/axobject-query-4.1.0.tgz. Extracting by manifest.
356 silly tarball no local data for available-typed-arrays@https://registry.npmjs.org/available-typed-arrays/-/available-typed-arrays-1.0.7.tgz. Extracting by manifest.
357 silly tarball no local data for async-function@https://registry.npmjs.org/async-function/-/async-function-1.0.0.tgz. Extracting by manifest.
358 silly tarball no local data for ast-types-flow@https://registry.npmjs.org/ast-types-flow/-/ast-types-flow-0.0.8.tgz. Extracting by manifest.
359 silly tarball no local data for arraybuffer.prototype.slice@https://registry.npmjs.org/arraybuffer.prototype.slice/-/arraybuffer.prototype.slice-1.0.4.tgz. Extracting by manifest.
360 silly tarball no local data for array.prototype.tosorted@https://registry.npmjs.org/array.prototype.tosorted/-/array.prototype.tosorted-1.1.4.tgz. Extracting by manifest.
361 silly tarball no local data for array.prototype.flatmap@https://registry.npmjs.org/array.prototype.flatmap/-/array.prototype.flatmap-1.3.3.tgz. Extracting by manifest.
362 silly tarball no local data for array.prototype.flat@https://registry.npmjs.org/array.prototype.flat/-/array.prototype.flat-1.3.3.tgz. Extracting by manifest.
363 silly tarball no local data for array.prototype.findlastindex@https://registry.npmjs.org/array.prototype.findlastindex/-/array.prototype.findlastindex-1.2.6.tgz. Extracting by manifest.
364 silly tarball no local data for array.prototype.findlast@https://registry.npmjs.org/array.prototype.findlast/-/array.prototype.findlast-1.2.5.tgz. Extracting by manifest.
365 silly tarball no local data for array-includes@https://registry.npmjs.org/array-includes/-/array-includes-3.1.8.tgz. Extracting by manifest.
366 silly tarball no local data for aria-query@https://registry.npmjs.org/aria-query/-/aria-query-5.3.2.tgz. Extracting by manifest.
367 silly tarball no local data for argparse@https://registry.npmjs.org/argparse/-/argparse-2.0.1.tgz. Extracting by manifest.
368 silly tarball no local data for array-buffer-byte-length@https://registry.npmjs.org/array-buffer-byte-length/-/array-buffer-byte-length-1.0.2.tgz. Extracting by manifest.
369 silly tarball no local data for ansi-styles@https://registry.npmjs.org/ansi-styles/-/ansi-styles-4.3.0.tgz. Extracting by manifest.
370 silly tarball no local data for ajv@https://registry.npmjs.org/ajv/-/ajv-6.12.6.tgz. Extracting by manifest.
371 silly tarball no local data for acorn-jsx@https://registry.npmjs.org/acorn-jsx/-/acorn-jsx-5.3.2.tgz. Extracting by manifest.
372 silly tarball no local data for acorn@https://registry.npmjs.org/acorn/-/acorn-8.14.1.tgz. Extracting by manifest.
373 silly tarball no local data for @unrs/rspack-resolver-binding-linux-x64-gnu@https://registry.npmjs.org/@unrs/rspack-resolver-binding-linux-x64-gnu/-/rspack-resolver-binding-linux-x64-gnu-1.2.2.tgz. Extracting by manifest.
374 silly tarball no local data for @typescript-eslint/visitor-keys@https://registry.npmjs.org/@typescript-eslint/visitor-keys/-/visitor-keys-8.27.0.tgz. Extracting by manifest.
375 silly tarball no local data for @unrs/rspack-resolver-binding-linux-x64-musl@https://registry.npmjs.org/@unrs/rspack-resolver-binding-linux-x64-musl/-/rspack-resolver-binding-linux-x64-musl-1.2.2.tgz. Extracting by manifest.
376 silly tarball no local data for @typescript-eslint/utils@https://registry.npmjs.org/@typescript-eslint/utils/-/utils-8.27.0.tgz. Extracting by manifest.
377 silly tarball no local data for @typescript-eslint/typescript-estree@https://registry.npmjs.org/@typescript-eslint/typescript-estree/-/typescript-estree-8.27.0.tgz. Extracting by manifest.
378 silly tarball no local data for @typescript-eslint/types@https://registry.npmjs.org/@typescript-eslint/types/-/types-8.27.0.tgz. Extracting by manifest.
379 silly tarball no local data for @typescript-eslint/type-utils@https://registry.npmjs.org/@typescript-eslint/type-utils/-/type-utils-8.27.0.tgz. Extracting by manifest.
380 silly tarball no local data for @typescript-eslint/eslint-plugin@https://registry.npmjs.org/@typescript-eslint/eslint-plugin/-/eslint-plugin-8.27.0.tgz. Extracting by manifest.
381 silly tarball no local data for @typescript-eslint/parser@https://registry.npmjs.org/@typescript-eslint/parser/-/parser-8.27.0.tgz. Extracting by manifest.
382 silly tarball no local data for @typescript-eslint/scope-manager@https://registry.npmjs.org/@typescript-eslint/scope-manager/-/scope-manager-8.27.0.tgz. Extracting by manifest.
383 silly tarball no local data for @types/react-dom@https://registry.npmjs.org/@types/react-dom/-/react-dom-19.0.4.tgz. Extracting by manifest.
384 silly tarball no local data for @types/react@https://registry.npmjs.org/@types/react/-/react-19.0.12.tgz. Extracting by manifest.
385 silly tarball no local data for @types/node@https://registry.npmjs.org/@types/node/-/node-20.17.24.tgz. Extracting by manifest.
386 silly tarball no local data for @types/json-schema@https://registry.npmjs.org/@types/json-schema/-/json-schema-7.0.15.tgz. Extracting by manifest.
387 silly tarball no local data for @types/json5@https://registry.npmjs.org/@types/json5/-/json5-0.0.29.tgz. Extracting by manifest.
388 silly tarball no local data for @types/estree@https://registry.npmjs.org/@types/estree/-/estree-1.0.6.tgz. Extracting by manifest.
389 silly tarball no local data for @tybys/wasm-util@https://registry.npmjs.org/@tybys/wasm-util/-/wasm-util-0.9.0.tgz. Extracting by manifest.
390 silly tarball no local data for @tailwindcss/postcss@https://registry.npmjs.org/@tailwindcss/postcss/-/postcss-4.0.14.tgz. Extracting by manifest.
391 silly tarball no local data for @tailwindcss/oxide-linux-x64-musl@https://registry.npmjs.org/@tailwindcss/oxide-linux-x64-musl/-/oxide-linux-x64-musl-4.0.14.tgz. Extracting by manifest.
392 silly tarball no local data for @tailwindcss/oxide@https://registry.npmjs.org/@tailwindcss/oxide/-/oxide-4.0.14.tgz. Extracting by manifest.
393 silly tarball no local data for @tailwindcss/oxide-linux-x64-gnu@https://registry.npmjs.org/@tailwindcss/oxide-linux-x64-gnu/-/oxide-linux-x64-gnu-4.0.14.tgz. Extracting by manifest.
394 silly tarball no local data for @tailwindcss/node@https://registry.npmjs.org/@tailwindcss/node/-/node-4.0.14.tgz. Extracting by manifest.
395 silly tarball no local data for @swc/helpers@https://registry.npmjs.org/@swc/helpers/-/helpers-0.5.15.tgz. Extracting by manifest.
396 silly tarball no local data for @swc/counter@https://registry.npmjs.org/@swc/counter/-/counter-0.1.3.tgz. Extracting by manifest.
397 silly tarball no local data for @rtsao/scc@https://registry.npmjs.org/@rtsao/scc/-/scc-1.1.0.tgz. Extracting by manifest.
398 silly tarball no local data for @nolyfill/is-core-module@https://registry.npmjs.org/@nolyfill/is-core-module/-/is-core-module-1.0.39.tgz. Extracting by manifest.
399 silly tarball no local data for @rushstack/eslint-patch@https://registry.npmjs.org/@rushstack/eslint-patch/-/eslint-patch-1.11.0.tgz. Extracting by manifest.
400 silly tarball no local data for @nodelib/fs.walk@https://registry.npmjs.org/@nodelib/fs.walk/-/fs.walk-1.2.8.tgz. Extracting by manifest.
401 silly tarball no local data for @nodelib/fs.stat@https://registry.npmjs.org/@nodelib/fs.stat/-/fs.stat-2.0.5.tgz. Extracting by manifest.
402 silly tarball no local data for @nodelib/fs.scandir@https://registry.npmjs.org/@nodelib/fs.scandir/-/fs.scandir-2.1.5.tgz. Extracting by manifest.
403 silly tarball no local data for @next/swc-linux-x64-gnu@https://registry.npmjs.org/@next/swc-linux-x64-gnu/-/swc-linux-x64-gnu-15.2.3.tgz. Extracting by manifest.
404 silly tarball no local data for @next/swc-linux-x64-musl@https://registry.npmjs.org/@next/swc-linux-x64-musl/-/swc-linux-x64-musl-15.2.3.tgz. Extracting by manifest.
405 silly tarball no local data for @next/eslint-plugin-next@https://registry.npmjs.org/@next/eslint-plugin-next/-/eslint-plugin-next-15.2.3.tgz. Extracting by manifest.
406 silly tarball no local data for @next/env@https://registry.npmjs.org/@next/env/-/env-15.2.3.tgz. Extracting by manifest.
407 silly tarball no local data for @napi-rs/wasm-runtime@https://registry.npmjs.org/@napi-rs/wasm-runtime/-/wasm-runtime-0.2.7.tgz. Extracting by manifest.
408 silly tarball no local data for @img/sharp-linux-x64@https://registry.npmjs.org/@img/sharp-linux-x64/-/sharp-linux-x64-0.33.5.tgz. Extracting by manifest.
409 silly tarball no local data for @img/sharp-linuxmusl-x64@https://registry.npmjs.org/@img/sharp-linuxmusl-x64/-/sharp-linuxmusl-x64-0.33.5.tgz. Extracting by manifest.
410 silly tarball no local data for @img/sharp-libvips-linuxmusl-x64@https://registry.npmjs.org/@img/sharp-libvips-linuxmusl-x64/-/sharp-libvips-linuxmusl-x64-1.0.4.tgz. Extracting by manifest.
411 silly tarball no local data for @img/sharp-libvips-linux-x64@https://registry.npmjs.org/@img/sharp-libvips-linux-x64/-/sharp-libvips-linux-x64-1.0.4.tgz. Extracting by manifest.
412 silly tarball no local data for @humanwhocodes/retry@https://registry.npmjs.org/@humanwhocodes/retry/-/retry-0.4.2.tgz. Extracting by manifest.
413 silly tarball no local data for @humanfs/node@https://registry.npmjs.org/@humanfs/node/-/node-0.16.6.tgz. Extracting by manifest.
414 silly tarball no local data for @humanwhocodes/module-importer@https://registry.npmjs.org/@humanwhocodes/module-importer/-/module-importer-1.0.1.tgz. Extracting by manifest.
415 silly tarball no local data for @humanfs/core@https://registry.npmjs.org/@humanfs/core/-/core-0.19.1.tgz. Extracting by manifest.
416 silly tarball no local data for @eslint/plugin-kit@https://registry.npmjs.org/@eslint/plugin-kit/-/plugin-kit-0.2.7.tgz. Extracting by manifest.
417 silly tarball no local data for @eslint/object-schema@https://registry.npmjs.org/@eslint/object-schema/-/object-schema-2.1.6.tgz. Extracting by manifest.
418 silly tarball no local data for @eslint/eslintrc@https://registry.npmjs.org/@eslint/eslintrc/-/eslintrc-3.3.0.tgz. Extracting by manifest.
419 silly tarball no local data for @eslint/js@https://registry.npmjs.org/@eslint/js/-/js-9.22.0.tgz. Extracting by manifest.
420 silly tarball no local data for @eslint/core@https://registry.npmjs.org/@eslint/core/-/core-0.12.0.tgz. Extracting by manifest.
421 silly tarball no local data for @eslint/config-helpers@https://registry.npmjs.org/@eslint/config-helpers/-/config-helpers-0.1.0.tgz. Extracting by manifest.
422 silly tarball no local data for @eslint/config-array@https://registry.npmjs.org/@eslint/config-array/-/config-array-0.19.2.tgz. Extracting by manifest.
423 silly tarball no local data for @eslint-community/eslint-utils@https://registry.npmjs.org/@eslint-community/eslint-utils/-/eslint-utils-4.5.1.tgz. Extracting by manifest.
424 silly tarball no local data for @eslint-community/regexpp@https://registry.npmjs.org/@eslint-community/regexpp/-/regexpp-4.12.1.tgz. Extracting by manifest.
425 silly tarball no local data for @emnapi/wasi-threads@https://registry.npmjs.org/@emnapi/wasi-threads/-/wasi-threads-1.0.1.tgz. Extracting by manifest.
426 silly tarball no local data for @emnapi/runtime@https://registry.npmjs.org/@emnapi/runtime/-/runtime-1.3.1.tgz. Extracting by manifest.
427 silly tarball no local data for @emnapi/core@https://registry.npmjs.org/@emnapi/core/-/core-1.3.1.tgz. Extracting by manifest.
428 silly tarball no local data for @alloc/quick-lru@https://registry.npmjs.org/@alloc/quick-lru/-/quick-lru-5.2.0.tgz. Extracting by manifest.
429 silly tarball no local data for picomatch@https://registry.npmjs.org/picomatch/-/picomatch-4.0.2.tgz. Extracting by manifest.
430 silly tarball no local data for glob-parent@https://registry.npmjs.org/glob-parent/-/glob-parent-5.1.2.tgz. Extracting by manifest.
431 silly tarball no local data for resolve@https://registry.npmjs.org/resolve/-/resolve-2.0.0-next.5.tgz. Extracting by manifest.
432 silly tarball no local data for postcss@https://registry.npmjs.org/postcss/-/postcss-8.4.31.tgz. Extracting by manifest.
433 silly tarball no local data for semver@https://registry.npmjs.org/semver/-/semver-6.3.1.tgz. Extracting by manifest.
434 silly tarball no local data for semver@https://registry.npmjs.org/semver/-/semver-6.3.1.tgz. Extracting by manifest.
435 silly tarball no local data for debug@https://registry.npmjs.org/debug/-/debug-3.2.7.tgz. Extracting by manifest.
436 silly tarball no local data for debug@https://registry.npmjs.org/debug/-/debug-3.2.7.tgz. Extracting by manifest.
437 silly tarball no local data for minimatch@https://registry.npmjs.org/minimatch/-/minimatch-9.0.5.tgz. Extracting by manifest.
438 silly tarball no local data for debug@https://registry.npmjs.org/debug/-/debug-3.2.7.tgz. Extracting by manifest.
439 silly tarball no local data for glob-parent@https://registry.npmjs.org/glob-parent/-/glob-parent-5.1.2.tgz. Extracting by manifest.
440 silly tarball no local data for fast-glob@https://registry.npmjs.org/fast-glob/-/fast-glob-3.3.3.tgz. Extracting by manifest.
441 silly tarball no local data for brace-expansion@https://registry.npmjs.org/brace-expansion/-/brace-expansion-2.0.1.tgz. Extracting by manifest.
442 silly tarball no local data for eslint-visitor-keys@https://registry.npmjs.org/eslint-visitor-keys/-/eslint-visitor-keys-3.4.3.tgz. Extracting by manifest.
443 silly tarball no local data for @humanwhocodes/retry@https://registry.npmjs.org/@humanwhocodes/retry/-/retry-0.3.1.tgz. Extracting by manifest.
444 http fetch GET https://registry.npmjs.org/npm attempt 1 failed with ETIMEDOUT
445 silly audit bulk request failed undefined
446 http fetch GET https://registry.npmjs.org/yocto-queue/-/yocto-queue-0.1.0.tgz attempt 1 failed with ETIMEDOUT
447 http fetch GET https://registry.npmjs.org/which-typed-array/-/which-typed-array-1.1.19.tgz attempt 1 failed with ETIMEDOUT
448 http fetch GET https://registry.npmjs.org/word-wrap/-/word-wrap-1.2.5.tgz attempt 1 failed with ETIMEDOUT
449 http fetch GET https://registry.npmjs.org/which-boxed-primitive/-/which-boxed-primitive-1.1.1.tgz attempt 1 failed with ETIMEDOUT
450 http fetch GET https://registry.npmjs.org/which-collection/-/which-collection-1.0.2.tgz attempt 1 failed with ETIMEDOUT
451 http fetch GET https://registry.npmjs.org/which/-/which-2.0.2.tgz attempt 1 failed with ETIMEDOUT
452 http fetch GET https://registry.npmjs.org/which-builtin-type/-/which-builtin-type-1.2.1.tgz attempt 1 failed with ETIMEDOUT
453 http fetch GET https://registry.npmjs.org/undici-types/-/undici-types-6.19.8.tgz attempt 1 failed with ETIMEDOUT
454 http fetch GET https://registry.npmjs.org/uri-js/-/uri-js-4.4.1.tgz attempt 1 failed with ETIMEDOUT
455 http fetch GET https://registry.npmjs.org/unbox-primitive/-/unbox-primitive-1.1.0.tgz attempt 1 failed with ETIMEDOUT
456 http fetch GET https://registry.npmjs.org/typescript/-/typescript-5.8.2.tgz attempt 1 failed with ETIMEDOUT
457 http fetch GET https://registry.npmjs.org/typed-array-byte-offset/-/typed-array-byte-offset-1.0.4.tgz attempt 1 failed with ETIMEDOUT
458 http fetch GET https://registry.npmjs.org/typed-array-length/-/typed-array-length-1.0.7.tgz attempt 1 failed with ETIMEDOUT
459 verbose audit error FetchError: request to https://registry.npmjs.org/-/npm/v1/security/audits/quick failed, reason: 
459 verbose audit error     at ClientRequest.<anonymous> (/home/faizan/.nvm/versions/node/v22.11.0/lib/node_modules/npm/node_modules/minipass-fetch/lib/index.js:130:14)
459 verbose audit error     at ClientRequest.emit (node:events:518:28)
459 verbose audit error     at emitErrorEvent (node:_http_client:103:11)
459 verbose audit error     at _destroy (node:_http_client:886:9)
459 verbose audit error     at onSocketNT (node:_http_client:906:5)
459 verbose audit error     at process.processTicksAndRejections (node:internal/process/task_queues:91:21) {
459 verbose audit error   code: 'ETIMEDOUT',
459 verbose audit error   errno: 'ETIMEDOUT',
459 verbose audit error   type: 'system'
459 verbose audit error }
460 silly audit error undefined
461 silly audit report null
462 http fetch GET https://registry.npmjs.org/npm attempt 2 failed with ETIMEDOUT
463 http fetch GET https://registry.npmjs.org/yocto-queue/-/yocto-queue-0.1.0.tgz attempt 2 failed with ETIMEDOUT
464 http fetch GET https://registry.npmjs.org/which-typed-array/-/which-typed-array-1.1.19.tgz attempt 2 failed with ETIMEDOUT
465 http fetch GET https://registry.npmjs.org/word-wrap/-/word-wrap-1.2.5.tgz attempt 2 failed with ETIMEDOUT
466 http fetch GET https://registry.npmjs.org/which-boxed-primitive/-/which-boxed-primitive-1.1.1.tgz attempt 2 failed with ETIMEDOUT
467 http fetch GET https://registry.npmjs.org/which-collection/-/which-collection-1.0.2.tgz attempt 2 failed with ETIMEDOUT
468 http fetch GET https://registry.npmjs.org/which/-/which-2.0.2.tgz attempt 2 failed with ETIMEDOUT
469 http fetch GET https://registry.npmjs.org/which-builtin-type/-/which-builtin-type-1.2.1.tgz attempt 2 failed with ETIMEDOUT
470 http fetch GET https://registry.npmjs.org/undici-types/-/undici-types-6.19.8.tgz attempt 2 failed with ETIMEDOUT
471 http fetch GET https://registry.npmjs.org/uri-js/-/uri-js-4.4.1.tgz attempt 2 failed with ETIMEDOUT
472 http fetch GET https://registry.npmjs.org/unbox-primitive/-/unbox-primitive-1.1.0.tgz attempt 2 failed with ETIMEDOUT
473 http fetch GET https://registry.npmjs.org/typescript/-/typescript-5.8.2.tgz attempt 2 failed with ETIMEDOUT
474 http fetch GET https://registry.npmjs.org/typed-array-byte-offset/-/typed-array-byte-offset-1.0.4.tgz attempt 2 failed with ETIMEDOUT
475 http fetch GET https://registry.npmjs.org/typed-array-length/-/typed-array-length-1.0.7.tgz attempt 2 failed with ETIMEDOUT
476 http fetch GET https://registry.npmjs.org/npm attempt 3 failed with ETIMEDOUT
477 http fetch GET https://registry.npmjs.org/yocto-queue/-/yocto-queue-0.1.0.tgz attempt 3 failed with ETIMEDOUT
478 http fetch GET https://registry.npmjs.org/which-typed-array/-/which-typed-array-1.1.19.tgz attempt 3 failed with ETIMEDOUT
479 http fetch GET https://registry.npmjs.org/word-wrap/-/word-wrap-1.2.5.tgz attempt 3 failed with ETIMEDOUT
480 http fetch GET https://registry.npmjs.org/which-boxed-primitive/-/which-boxed-primitive-1.1.1.tgz attempt 3 failed with ETIMEDOUT
481 http fetch GET https://registry.npmjs.org/which-collection/-/which-collection-1.0.2.tgz attempt 3 failed with ETIMEDOUT
482 http fetch GET https://registry.npmjs.org/which/-/which-2.0.2.tgz attempt 3 failed with ETIMEDOUT
483 http fetch GET https://registry.npmjs.org/which-builtin-type/-/which-builtin-type-1.2.1.tgz attempt 3 failed with ETIMEDOUT
484 http fetch GET https://registry.npmjs.org/undici-types/-/undici-types-6.19.8.tgz attempt 3 failed with ETIMEDOUT
485 http fetch GET https://registry.npmjs.org/uri-js/-/uri-js-4.4.1.tgz attempt 3 failed with ETIMEDOUT
486 http fetch GET https://registry.npmjs.org/unbox-primitive/-/unbox-primitive-1.1.0.tgz attempt 3 failed with ETIMEDOUT
487 http fetch GET https://registry.npmjs.org/typescript/-/typescript-5.8.2.tgz attempt 3 failed with ETIMEDOUT
488 http fetch GET https://registry.npmjs.org/typed-array-byte-offset/-/typed-array-byte-offset-1.0.4.tgz attempt 3 failed with ETIMEDOUT
489 http fetch GET https://registry.npmjs.org/typed-array-length/-/typed-array-length-1.0.7.tgz attempt 3 failed with ETIMEDOUT
